{"/home/runner/work/ai-passive-income-navigator/ai-passive-income-navigator/src/App.jsx": {"path":"/home/runner/work/ai-passive-income-navigator/ai-passive-income-navigator/src/App.jsx","statementMap":{"0":{"start":{"line":13,"column":36},"end":{"line":13,"column":null}},"1":{"start":{"line":14,"column":20},"end":{"line":14,"column":null}},"2":{"start":{"line":15,"column":17},"end":{"line":15,"column":null}},"3":{"start":{"line":19,"column":23},"end":{"line":22,"column":null}},"4":{"start":{"line":20,"column":2},"end":{"line":22,"column":null}},"5":{"start":{"line":27,"column":22},"end":{"line":44,"column":null}},"6":{"start":{"line":28,"column":18},"end":{"line":30,"column":null}},"7":{"start":{"line":32,"column":2},"end":{"line":42,"column":null}},"8":{"start":{"line":46,"column":25},"end":{"line":91,"column":null}},"9":{"start":{"line":47,"column":77},"end":{"line":47,"column":null}},"10":{"start":{"line":50,"column":2},"end":{"line":56,"column":null}},"11":{"start":{"line":51,"column":4},"end":{"line":54,"column":null}},"12":{"start":{"line":59,"column":2},"end":{"line":67,"column":null}},"13":{"start":{"line":60,"column":4},"end":{"line":66,"column":null}},"14":{"start":{"line":61,"column":6},"end":{"line":61,"column":null}},"15":{"start":{"line":62,"column":4},"end":{"line":66,"column":null}},"16":{"start":{"line":64,"column":6},"end":{"line":64,"column":null}},"17":{"start":{"line":65,"column":6},"end":{"line":65,"column":null}},"18":{"start":{"line":70,"column":2},"end":{"line":89,"column":null}},"19":{"start":{"line":78,"column":8},"end":{"line":86,"column":null}},"20":{"start":{"line":99,"column":2},"end":{"line":110,"column":null}}},"fnMap":{"0":{"name":"(anonymous_0)","decl":{"start":{"line":19,"column":23},"end":{"line":19,"column":null}},"loc":{"start":{"line":20,"column":2},"end":{"line":22,"column":null}},"line":20},"1":{"name":"(anonymous_1)","decl":{"start":{"line":27,"column":22},"end":{"line":27,"column":23}},"loc":{"start":{"line":27,"column":57},"end":{"line":44,"column":null}},"line":27},"2":{"name":"(anonymous_2)","decl":{"start":{"line":46,"column":25},"end":{"line":46,"column":31}},"loc":{"start":{"line":46,"column":31},"end":{"line":91,"column":null}},"line":46},"3":{"name":"(anonymous_3)","decl":{"start":{"line":77,"column":33},"end":{"line":77,"column":34}},"loc":{"start":{"line":78,"column":8},"end":{"line":86,"column":null}},"line":78},"4":{"name":"App","decl":{"start":{"line":97,"column":9},"end":{"line":97,"column":15}},"loc":{"start":{"line":97,"column":15},"end":{"line":112,"column":null}},"line":97}},"branchMap":{"0":{"loc":{"start":{"line":14,"column":20},"end":{"line":14,"column":null}},"type":"binary-expr","locations":[{"start":{"line":14,"column":20},"end":{"line":14,"column":32}},{"start":{"line":14,"column":32},"end":{"line":14,"column":null}}],"line":14},"1":{"loc":{"start":{"line":15,"column":17},"end":{"line":15,"column":null}},"type":"cond-expr","locations":[{"start":{"line":15,"column":31},"end":{"line":15,"column":52}},{"start":{"line":15,"column":52},"end":{"line":15,"column":null}}],"line":15},"2":{"loc":{"start":{"line":28,"column":18},"end":{"line":30,"column":null}},"type":"cond-expr","locations":[{"start":{"line":29,"column":4},"end":{"line":29,"column":null}},{"start":{"line":30,"column":6},"end":{"line":30,"column":null}}],"line":28},"3":{"loc":{"start":{"line":34,"column":25},"end":{"line":34,"column":50}},"type":"binary-expr","locations":[{"start":{"line":34,"column":25},"end":{"line":34,"column":44}},{"start":{"line":34,"column":44},"end":{"line":34,"column":50}}],"line":34},"4":{"loc":{"start":{"line":50,"column":2},"end":{"line":56,"column":null}},"type":"if","locations":[{"start":{"line":50,"column":2},"end":{"line":56,"column":null}},{"start":{},"end":{}}],"line":50},"5":{"loc":{"start":{"line":50,"column":6},"end":{"line":50,"column":48}},"type":"binary-expr","locations":[{"start":{"line":50,"column":6},"end":{"line":50,"column":33}},{"start":{"line":50,"column":33},"end":{"line":50,"column":48}}],"line":50},"6":{"loc":{"start":{"line":59,"column":2},"end":{"line":67,"column":null}},"type":"if","locations":[{"start":{"line":59,"column":2},"end":{"line":67,"column":null}},{"start":{},"end":{}}],"line":59},"7":{"loc":{"start":{"line":60,"column":4},"end":{"line":66,"column":null}},"type":"if","locations":[{"start":{"line":60,"column":4},"end":{"line":66,"column":null}},{"start":{"line":62,"column":4},"end":{"line":66,"column":null}}],"line":60},"8":{"loc":{"start":{"line":62,"column":4},"end":{"line":66,"column":null}},"type":"if","locations":[{"start":{"line":62,"column":4},"end":{"line":66,"column":null}},{"start":{},"end":{}}],"line":62}},"s":{"0":0,"1":0,"2":0,"3":0,"4":0,"5":0,"6":0,"7":0,"8":0,"9":0,"10":0,"11":0,"12":0,"13":0,"14":0,"15":0,"16":0,"17":0,"18":0,"19":0,"20":0},"f":{"0":0,"1":0,"2":0,"3":0,"4":0},"b":{"0":[0,0],"1":[0,0],"2":[0,0],"3":[0,0],"4":[0,0],"5":[0,0],"6":[0,0],"7":[0,0],"8":[0,0]},"meta":{"lastBranch":9,"lastFunction":5,"lastStatement":21,"seen":{"s:13:36:13:Infinity":0,"s:14:20:14:Infinity":1,"b:14:20:14:32:14:32:14:Infinity":0,"s:15:17:15:Infinity":2,"b:15:31:15:52:15:52:15:Infinity":1,"s:19:23:22:Infinity":3,"f:19:23:19:Infinity":0,"s:20:2:22:Infinity":4,"s:27:22:44:Infinity":5,"f:27:22:27:23":1,"s:28:18:30:Infinity":6,"b:29:4:29:Infinity:30:6:30:Infinity":2,"s:32:2:42:Infinity":7,"b:34:25:34:44:34:44:34:50":3,"s:46:25:91:Infinity":8,"f:46:25:46:31":2,"s:47:77:47:Infinity":9,"b:50:2:56:Infinity:undefined:undefined:undefined:undefined":4,"s:50:2:56:Infinity":10,"b:50:6:50:33:50:33:50:48":5,"s:51:4:54:Infinity":11,"b:59:2:67:Infinity:undefined:undefined:undefined:undefined":6,"s:59:2:67:Infinity":12,"b:60:4:66:Infinity:62:4:66:Infinity":7,"s:60:4:66:Infinity":13,"s:61:6:61:Infinity":14,"b:62:4:66:Infinity:undefined:undefined:undefined:undefined":8,"s:62:4:66:Infinity":15,"s:64:6:64:Infinity":16,"s:65:6:65:Infinity":17,"s:70:2:89:Infinity":18,"f:77:33:77:34":3,"s:78:8:86:Infinity":19,"f:97:9:97:15":4,"s:99:2:110:Infinity":20}}}
,"/home/runner/work/ai-passive-income-navigator/ai-passive-income-navigator/src/Layout.jsx": {"path":"/home/runner/work/ai-passive-income-navigator/ai-passive-income-navigator/src/Layout.jsx","statementMap":{"0":{"start":{"line":12,"column":18},"end":{"line":20,"column":null}},"1":{"start":{"line":23,"column":46},"end":{"line":23,"column":null}},"2":{"start":{"line":24,"column":30},"end":{"line":24,"column":null}},"3":{"start":{"line":26,"column":2},"end":{"line":32,"column":null}},"4":{"start":{"line":27,"column":25},"end":{"line":29,"column":null}},"5":{"start":{"line":28,"column":6},"end":{"line":28,"column":null}},"6":{"start":{"line":30,"column":4},"end":{"line":30,"column":null}},"7":{"start":{"line":31,"column":4},"end":{"line":31,"column":null}},"8":{"start":{"line":31,"column":17},"end":{"line":31,"column":null}},"9":{"start":{"line":34,"column":2},"end":{"line":181,"column":null}},"10":{"start":{"line":59,"column":29},"end":{"line":59,"column":null}},"11":{"start":{"line":60,"column":33},"end":{"line":60,"column":null}},"12":{"start":{"line":61,"column":16},"end":{"line":74,"column":null}},"13":{"start":{"line":92,"column":31},"end":{"line":92,"column":null}},"14":{"start":{"line":110,"column":29},"end":{"line":110,"column":null}},"15":{"start":{"line":125,"column":35},"end":{"line":125,"column":null}},"16":{"start":{"line":132,"column":33},"end":{"line":132,"column":null}},"17":{"start":{"line":133,"column":37},"end":{"line":133,"column":null}},"18":{"start":{"line":134,"column":20},"end":{"line":150,"column":null}},"19":{"start":{"line":138,"column":39},"end":{"line":138,"column":null}}},"fnMap":{"0":{"name":"Layout","decl":{"start":{"line":22,"column":24},"end":{"line":22,"column":31}},"loc":{"start":{"line":22,"column":62},"end":{"line":183,"column":null}},"line":22},"1":{"name":"(anonymous_1)","decl":{"start":{"line":26,"column":12},"end":{"line":26,"column":18}},"loc":{"start":{"line":26,"column":18},"end":{"line":32,"column":5}},"line":26},"2":{"name":"(anonymous_2)","decl":{"start":{"line":27,"column":25},"end":{"line":27,"column":31}},"loc":{"start":{"line":27,"column":31},"end":{"line":29,"column":null}},"line":27},"3":{"name":"(anonymous_3)","decl":{"start":{"line":31,"column":11},"end":{"line":31,"column":17}},"loc":{"start":{"line":31,"column":17},"end":{"line":31,"column":null}},"line":31},"4":{"name":"(anonymous_4)","decl":{"start":{"line":58,"column":41},"end":{"line":58,"column":42}},"loc":{"start":{"line":58,"column":51},"end":{"line":76,"column":15}},"line":58},"5":{"name":"(anonymous_5)","decl":{"start":{"line":92,"column":25},"end":{"line":92,"column":31}},"loc":{"start":{"line":92,"column":31},"end":{"line":92,"column":null}},"line":92},"6":{"name":"(anonymous_6)","decl":{"start":{"line":110,"column":23},"end":{"line":110,"column":29}},"loc":{"start":{"line":110,"column":29},"end":{"line":110,"column":null}},"line":110},"7":{"name":"(anonymous_7)","decl":{"start":{"line":125,"column":29},"end":{"line":125,"column":35}},"loc":{"start":{"line":125,"column":35},"end":{"line":125,"column":null}},"line":125},"8":{"name":"(anonymous_8)","decl":{"start":{"line":131,"column":33},"end":{"line":131,"column":34}},"loc":{"start":{"line":131,"column":43},"end":{"line":152,"column":19}},"line":131},"9":{"name":"(anonymous_9)","decl":{"start":{"line":138,"column":33},"end":{"line":138,"column":39}},"loc":{"start":{"line":138,"column":39},"end":{"line":138,"column":null}},"line":138}},"branchMap":{"0":{"loc":{"start":{"line":39,"column":10},"end":{"line":41,"column":null}},"type":"cond-expr","locations":[{"start":{"line":40,"column":14},"end":{"line":40,"column":null}},{"start":{"line":41,"column":14},"end":{"line":41,"column":null}}],"line":39},"1":{"loc":{"start":{"line":64,"column":31},"end":{"line":64,"column":null}},"type":"cond-expr","locations":[{"start":{"line":64,"column":42},"end":{"line":64,"column":56}},{"start":{"line":64,"column":56},"end":{"line":64,"column":null}}],"line":64},"2":{"loc":{"start":{"line":66,"column":24},"end":{"line":68,"column":null}},"type":"cond-expr","locations":[{"start":{"line":67,"column":28},"end":{"line":67,"column":null}},{"start":{"line":68,"column":28},"end":{"line":68,"column":null}}],"line":66},"3":{"loc":{"start":{"line":103,"column":9},"end":{"line":156,"column":null}},"type":"binary-expr","locations":[{"start":{"line":103,"column":9},"end":{"line":103,"column":null}},{"start":{"line":104,"column":10},"end":{"line":156,"column":null}}],"line":103},"4":{"loc":{"start":{"line":142,"column":28},"end":{"line":144,"column":null}},"type":"cond-expr","locations":[{"start":{"line":143,"column":32},"end":{"line":143,"column":null}},{"start":{"line":144,"column":32},"end":{"line":144,"column":null}}],"line":142}},"s":{"0":0,"1":0,"2":0,"3":0,"4":0,"5":0,"6":0,"7":0,"8":0,"9":0,"10":0,"11":0,"12":0,"13":0,"14":0,"15":0,"16":0,"17":0,"18":0,"19":0},"f":{"0":0,"1":0,"2":0,"3":0,"4":0,"5":0,"6":0,"7":0,"8":0,"9":0},"b":{"0":[0,0],"1":[0,0],"2":[0,0],"3":[0,0],"4":[0,0]},"meta":{"lastBranch":5,"lastFunction":10,"lastStatement":20,"seen":{"s:12:18:20:Infinity":0,"f:22:24:22:31":0,"s:23:46:23:Infinity":1,"s:24:30:24:Infinity":2,"s:26:2:32:Infinity":3,"f:26:12:26:18":1,"s:27:25:29:Infinity":4,"f:27:25:27:31":2,"s:28:6:28:Infinity":5,"s:30:4:30:Infinity":6,"s:31:4:31:Infinity":7,"f:31:11:31:17":3,"s:31:17:31:Infinity":8,"s:34:2:181:Infinity":9,"b:40:14:40:Infinity:41:14:41:Infinity":0,"f:58:41:58:42":4,"s:59:29:59:Infinity":10,"s:60:33:60:Infinity":11,"s:61:16:74:Infinity":12,"b:64:42:64:56:64:56:64:Infinity":1,"b:67:28:67:Infinity:68:28:68:Infinity":2,"f:92:25:92:31":5,"s:92:31:92:Infinity":13,"b:103:9:103:Infinity:104:10:156:Infinity":3,"f:110:23:110:29":6,"s:110:29:110:Infinity":14,"f:125:29:125:35":7,"s:125:35:125:Infinity":15,"f:131:33:131:34":8,"s:132:33:132:Infinity":16,"s:133:37:133:Infinity":17,"s:134:20:150:Infinity":18,"f:138:33:138:39":9,"s:138:39:138:Infinity":19,"b:143:32:143:Infinity:144:32:144:Infinity":4}}}
,"/home/runner/work/ai-passive-income-navigator/ai-passive-income-navigator/src/api/base44Client.js": {"path":"/home/runner/work/ai-passive-income-navigator/ai-passive-income-navigator/src/api/base44Client.js","statementMap":{"0":{"start":{"line":4,"column":55},"end":{"line":4,"column":64}},"1":{"start":{"line":7,"column":21},"end":{"line":14,"column":2}}},"fnMap":{},"branchMap":{},"s":{"0":0,"1":0},"f":{},"b":{},"meta":{"lastBranch":0,"lastFunction":0,"lastStatement":2,"seen":{"s:4:55:4:64":0,"s:7:21:14:2":1}}}
,"/home/runner/work/ai-passive-income-navigator/ai-passive-income-navigator/src/components/ErrorBoundary.jsx": {"path":"/home/runner/work/ai-passive-income-navigator/ai-passive-income-navigator/src/components/ErrorBoundary.jsx","statementMap":{"0":{"start":{"line":40,"column":16},"end":{"line":42,"column":null}},"1":{"start":{"line":13,"column":4},"end":{"line":13,"column":null}},"2":{"start":{"line":14,"column":4},"end":{"line":14,"column":null}},"3":{"start":{"line":19,"column":4},"end":{"line":19,"column":null}},"4":{"start":{"line":24,"column":4},"end":{"line":24,"column":null}},"5":{"start":{"line":27,"column":4},"end":{"line":30,"column":null}},"6":{"start":{"line":33,"column":4},"end":{"line":37,"column":null}},"7":{"start":{"line":34,"column":6},"end":{"line":34,"column":null}},"8":{"start":{"line":36,"column":6},"end":{"line":36,"column":null}},"9":{"start":{"line":41,"column":4},"end":{"line":41,"column":null}},"10":{"start":{"line":45,"column":4},"end":{"line":97,"column":null}},"11":{"start":{"line":47,"column":6},"end":{"line":95,"column":null}},"12":{"start":{"line":87,"column":18},"end":{"line":87,"column":null}},"13":{"start":{"line":99,"column":4},"end":{"line":99,"column":null}}},"fnMap":{"0":{"name":"(anonymous_0)","decl":{"start":{"line":12,"column":2},"end":{"line":12,"column":14}},"loc":{"start":{"line":12,"column":21},"end":{"line":15,"column":null}},"line":12},"1":{"name":"(anonymous_1)","decl":{"start":{"line":17,"column":9},"end":{"line":17,"column":34}},"loc":{"start":{"line":17,"column":41},"end":{"line":20,"column":null}},"line":17},"2":{"name":"(anonymous_2)","decl":{"start":{"line":22,"column":2},"end":{"line":22,"column":20}},"loc":{"start":{"line":22,"column":38},"end":{"line":38,"column":null}},"line":22},"3":{"name":"(anonymous_3)","decl":{"start":{"line":40,"column":16},"end":{"line":40,"column":22}},"loc":{"start":{"line":40,"column":22},"end":{"line":42,"column":null}},"line":40},"4":{"name":"(anonymous_4)","decl":{"start":{"line":44,"column":2},"end":{"line":44,"column":11}},"loc":{"start":{"line":44,"column":11},"end":{"line":100,"column":null}},"line":44},"5":{"name":"(anonymous_5)","decl":{"start":{"line":83,"column":25},"end":{"line":83,"column":31}},"loc":{"start":{"line":83,"column":31},"end":{"line":88,"column":null}},"line":83}},"branchMap":{"0":{"loc":{"start":{"line":45,"column":4},"end":{"line":97,"column":null}},"type":"if","locations":[{"start":{"line":45,"column":4},"end":{"line":97,"column":null}},{"start":{},"end":{}}],"line":45},"1":{"loc":{"start":{"line":56,"column":19},"end":{"line":56,"column":null}},"type":"binary-expr","locations":[{"start":{"line":56,"column":19},"end":{"line":56,"column":39}},{"start":{"line":56,"column":39},"end":{"line":56,"column":null}}],"line":56},"2":{"loc":{"start":{"line":59,"column":19},"end":{"line":59,"column":null}},"type":"binary-expr","locations":[{"start":{"line":59,"column":19},"end":{"line":59,"column":41}},{"start":{"line":59,"column":41},"end":{"line":59,"column":null}}],"line":59},"3":{"loc":{"start":{"line":64,"column":13},"end":{"line":70,"column":null}},"type":"binary-expr","locations":[{"start":{"line":64,"column":13},"end":{"line":64,"column":55}},{"start":{"line":64,"column":55},"end":{"line":64,"column":null}},{"start":{"line":65,"column":14},"end":{"line":70,"column":null}}],"line":64}},"s":{"0":0,"1":6,"2":6,"3":4,"4":2,"5":2,"6":2,"7":2,"8":0,"9":0,"10":11,"11":6,"12":0,"13":5},"f":{"0":6,"1":5,"2":2,"3":0,"4":11,"5":0},"b":{"0":[6,5],"1":[6,3],"2":[6,3],"3":[6,0,0]},"meta":{"lastBranch":4,"lastFunction":6,"lastStatement":14,"seen":{"s:40:16:42:Infinity":0,"f:12:2:12:14":0,"s:13:4:13:Infinity":1,"s:14:4:14:Infinity":2,"f:17:9:17:34":1,"s:19:4:19:Infinity":3,"f:22:2:22:20":2,"s:24:4:24:Infinity":4,"s:27:4:30:Infinity":5,"s:33:4:37:Infinity":6,"s:34:6:34:Infinity":7,"s:36:6:36:Infinity":8,"f:40:16:40:22":3,"s:41:4:41:Infinity":9,"f:44:2:44:11":4,"b:45:4:97:Infinity:undefined:undefined:undefined:undefined":0,"s:45:4:97:Infinity":10,"s:47:6:95:Infinity":11,"b:56:19:56:39:56:39:56:Infinity":1,"b:59:19:59:41:59:41:59:Infinity":2,"b:64:13:64:55:64:55:64:Infinity:65:14:70:Infinity":3,"f:83:25:83:31":5,"s:87:18:87:Infinity":12,"s:99:4:99:Infinity":13}}}
,"/home/runner/work/ai-passive-income-navigator/ai-passive-income-navigator/src/components/UserNotRegisteredError.jsx": {"path":"/home/runner/work/ai-passive-income-navigator/ai-passive-income-navigator/src/components/UserNotRegisteredError.jsx","statementMap":{"0":{"start":{"line":3,"column":31},"end":{"line":29,"column":null}},"1":{"start":{"line":4,"column":2},"end":{"line":27,"column":null}}},"fnMap":{"0":{"name":"(anonymous_0)","decl":{"start":{"line":3,"column":31},"end":{"line":3,"column":37}},"loc":{"start":{"line":3,"column":37},"end":{"line":29,"column":null}},"line":3}},"branchMap":{},"s":{"0":0,"1":0},"f":{"0":0},"b":{},"meta":{"lastBranch":0,"lastFunction":1,"lastStatement":2,"seen":{"s:3:31:29:Infinity":0,"f:3:31:3:37":0,"s:4:2:27:Infinity":1}}}
,"/home/runner/work/ai-passive-income-navigator/ai-passive-income-navigator/src/components/ai/AIGuideChat.jsx": {"path":"/home/runner/work/ai-passive-income-navigator/ai-passive-income-navigator/src/components/ai/AIGuideChat.jsx","statementMap":{"0":{"start":{"line":12,"column":22},"end":{"line":17,"column":null}},"1":{"start":{"line":20,"column":30},"end":{"line":20,"column":null}},"2":{"start":{"line":21,"column":24},"end":{"line":21,"column":null}},"3":{"start":{"line":22,"column":32},"end":{"line":22,"column":null}},"4":{"start":{"line":23,"column":42},"end":{"line":23,"column":null}},"5":{"start":{"line":24,"column":8},"end":{"line":24,"column":null}},"6":{"start":{"line":26,"column":2},"end":{"line":30,"column":null}},"7":{"start":{"line":27,"column":4},"end":{"line":29,"column":null}},"8":{"start":{"line":28,"column":6},"end":{"line":28,"column":null}},"9":{"start":{"line":32,"column":2},"end":{"line":34,"column":null}},"10":{"start":{"line":33,"column":4},"end":{"line":33,"column":null}},"11":{"start":{"line":36,"column":27},"end":{"line":47,"column":null}},"12":{"start":{"line":37,"column":25},"end":{"line":40,"column":null}},"13":{"start":{"line":41,"column":4},"end":{"line":41,"column":null}},"14":{"start":{"line":44,"column":4},"end":{"line":46,"column":null}},"15":{"start":{"line":45,"column":6},"end":{"line":45,"column":null}},"16":{"start":{"line":49,"column":21},"end":{"line":63,"column":null}},"17":{"start":{"line":50,"column":4},"end":{"line":50,"column":null}},"18":{"start":{"line":50,"column":55},"end":{"line":50,"column":null}},"19":{"start":{"line":52,"column":20},"end":{"line":52,"column":null}},"20":{"start":{"line":53,"column":4},"end":{"line":53,"column":null}},"21":{"start":{"line":54,"column":4},"end":{"line":54,"column":null}},"22":{"start":{"line":56,"column":25},"end":{"line":56,"column":null}},"23":{"start":{"line":57,"column":4},"end":{"line":60,"column":null}},"24":{"start":{"line":62,"column":4},"end":{"line":62,"column":null}},"25":{"start":{"line":65,"column":28},"end":{"line":67,"column":null}},"26":{"start":{"line":66,"column":4},"end":{"line":66,"column":null}},"27":{"start":{"line":69,"column":2},"end":{"line":69,"column":null}},"28":{"start":{"line":69,"column":15},"end":{"line":69,"column":null}},"29":{"start":{"line":71,"column":2},"end":{"line":201,"column":null}},"30":{"start":{"line":112,"column":16},"end":{"line":118,"column":null}},"31":{"start":{"line":114,"column":33},"end":{"line":114,"column":null}},"32":{"start":{"line":126,"column":12},"end":{"line":152,"column":null}},"33":{"start":{"line":178,"column":29},"end":{"line":178,"column":null}},"34":{"start":{"line":182,"column":14},"end":{"line":185,"column":null}},"35":{"start":{"line":183,"column":16},"end":{"line":183,"column":null}},"36":{"start":{"line":184,"column":16},"end":{"line":184,"column":null}}},"fnMap":{"0":{"name":"AIGuideChat","decl":{"start":{"line":19,"column":24},"end":{"line":19,"column":36}},"loc":{"start":{"line":19,"column":74},"end":{"line":203,"column":null}},"line":19},"1":{"name":"(anonymous_1)","decl":{"start":{"line":26,"column":12},"end":{"line":26,"column":18}},"loc":{"start":{"line":26,"column":18},"end":{"line":30,"column":5}},"line":26},"2":{"name":"(anonymous_2)","decl":{"start":{"line":32,"column":12},"end":{"line":32,"column":18}},"loc":{"start":{"line":32,"column":18},"end":{"line":34,"column":5}},"line":32},"3":{"name":"(anonymous_3)","decl":{"start":{"line":36,"column":27},"end":{"line":36,"column":39}},"loc":{"start":{"line":36,"column":39},"end":{"line":47,"column":null}},"line":36},"4":{"name":"(anonymous_4)","decl":{"start":{"line":44,"column":59},"end":{"line":44,"column":60}},"loc":{"start":{"line":44,"column":69},"end":{"line":46,"column":5}},"line":44},"5":{"name":"(anonymous_5)","decl":{"start":{"line":49,"column":21},"end":{"line":49,"column":33}},"loc":{"start":{"line":49,"column":33},"end":{"line":63,"column":null}},"line":49},"6":{"name":"(anonymous_6)","decl":{"start":{"line":65,"column":28},"end":{"line":65,"column":29}},"loc":{"start":{"line":65,"column":40},"end":{"line":67,"column":null}},"line":65},"7":{"name":"(anonymous_7)","decl":{"start":{"line":111,"column":33},"end":{"line":111,"column":34}},"loc":{"start":{"line":112,"column":16},"end":{"line":118,"column":null}},"line":112},"8":{"name":"(anonymous_8)","decl":{"start":{"line":114,"column":27},"end":{"line":114,"column":33}},"loc":{"start":{"line":114,"column":33},"end":{"line":114,"column":null}},"line":114},"9":{"name":"(anonymous_9)","decl":{"start":{"line":125,"column":24},"end":{"line":125,"column":25}},"loc":{"start":{"line":126,"column":12},"end":{"line":152,"column":null}},"line":126},"10":{"name":"(anonymous_10)","decl":{"start":{"line":178,"column":22},"end":{"line":178,"column":23}},"loc":{"start":{"line":178,"column":29},"end":{"line":178,"column":null}},"line":178},"11":{"name":"(anonymous_11)","decl":{"start":{"line":181,"column":23},"end":{"line":181,"column":24}},"loc":{"start":{"line":181,"column":30},"end":{"line":186,"column":null}},"line":181}},"branchMap":{"0":{"loc":{"start":{"line":27,"column":4},"end":{"line":29,"column":null}},"type":"if","locations":[{"start":{"line":27,"column":4},"end":{"line":29,"column":null}},{"start":{},"end":{}}],"line":27},"1":{"loc":{"start":{"line":27,"column":8},"end":{"line":27,"column":35}},"type":"binary-expr","locations":[{"start":{"line":27,"column":8},"end":{"line":27,"column":18}},{"start":{"line":27,"column":18},"end":{"line":27,"column":35}}],"line":27},"2":{"loc":{"start":{"line":45,"column":18},"end":{"line":45,"column":37}},"type":"binary-expr","locations":[{"start":{"line":45,"column":18},"end":{"line":45,"column":35}},{"start":{"line":45,"column":35},"end":{"line":45,"column":37}}],"line":45},"3":{"loc":{"start":{"line":50,"column":4},"end":{"line":50,"column":null}},"type":"if","locations":[{"start":{"line":50,"column":4},"end":{"line":50,"column":null}},{"start":{},"end":{}}],"line":50},"4":{"loc":{"start":{"line":50,"column":8},"end":{"line":50,"column":55}},"type":"binary-expr","locations":[{"start":{"line":50,"column":8},"end":{"line":50,"column":25}},{"start":{"line":50,"column":25},"end":{"line":50,"column":38}},{"start":{"line":50,"column":38},"end":{"line":50,"column":55}}],"line":50},"5":{"loc":{"start":{"line":69,"column":2},"end":{"line":69,"column":null}},"type":"if","locations":[{"start":{"line":69,"column":2},"end":{"line":69,"column":null}},{"start":{},"end":{}}],"line":69},"6":{"loc":{"start":{"line":101,"column":9},"end":{"line":121,"column":null}},"type":"binary-expr","locations":[{"start":{"line":101,"column":9},"end":{"line":101,"column":null}},{"start":{"line":102,"column":10},"end":{"line":121,"column":null}}],"line":101},"7":{"loc":{"start":{"line":130,"column":39},"end":{"line":130,"column":88}},"type":"cond-expr","locations":[{"start":{"line":130,"column":65},"end":{"line":130,"column":86}},{"start":{"line":130,"column":86},"end":{"line":130,"column":88}}],"line":130},"8":{"loc":{"start":{"line":133,"column":16},"end":{"line":135,"column":null}},"type":"cond-expr","locations":[{"start":{"line":134,"column":20},"end":{"line":134,"column":null}},{"start":{"line":135,"column":20},"end":{"line":135,"column":null}}],"line":133},"9":{"loc":{"start":{"line":137,"column":17},"end":{"line":137,"column":null}},"type":"cond-expr","locations":[{"start":{"line":137,"column":43},"end":{"line":137,"column":74}},{"start":{"line":137,"column":74},"end":{"line":137,"column":null}}],"line":137},"10":{"loc":{"start":{"line":140,"column":16},"end":{"line":142,"column":null}},"type":"cond-expr","locations":[{"start":{"line":141,"column":20},"end":{"line":141,"column":null}},{"start":{"line":142,"column":20},"end":{"line":142,"column":null}}],"line":140},"11":{"loc":{"start":{"line":144,"column":17},"end":{"line":149,"column":null}},"type":"cond-expr","locations":[{"start":{"line":145,"column":18},"end":{"line":145,"column":null}},{"start":{"line":147,"column":18},"end":{"line":149,"column":null}}],"line":144},"12":{"loc":{"start":{"line":156,"column":9},"end":{"line":168,"column":null}},"type":"binary-expr","locations":[{"start":{"line":156,"column":9},"end":{"line":156,"column":null}},{"start":{"line":157,"column":10},"end":{"line":168,"column":null}}],"line":156},"13":{"loc":{"start":{"line":182,"column":14},"end":{"line":185,"column":null}},"type":"if","locations":[{"start":{"line":182,"column":14},"end":{"line":185,"column":null}},{"start":{},"end":{}}],"line":182},"14":{"loc":{"start":{"line":182,"column":18},"end":{"line":182,"column":52}},"type":"binary-expr","locations":[{"start":{"line":182,"column":18},"end":{"line":182,"column":39}},{"start":{"line":182,"column":39},"end":{"line":182,"column":52}}],"line":182},"15":{"loc":{"start":{"line":190,"column":22},"end":{"line":190,"column":null}},"type":"binary-expr","locations":[{"start":{"line":190,"column":22},"end":{"line":190,"column":39}},{"start":{"line":190,"column":39},"end":{"line":190,"column":null}}],"line":190},"16":{"loc":{"start":{"line":193,"column":13},"end":{"line":196,"column":null}},"type":"cond-expr","locations":[{"start":{"line":194,"column":14},"end":{"line":194,"column":null}},{"start":{"line":196,"column":14},"end":{"line":196,"column":null}}],"line":193}},"s":{"0":1,"1":75,"2":75,"3":75,"4":75,"5":75,"6":75,"7":11,"8":10,"9":75,"10":11,"11":75,"12":10,"13":10,"14":10,"15":0,"16":75,"17":3,"18":0,"19":3,"20":3,"21":3,"22":3,"23":3,"24":3,"25":75,"26":1,"27":75,"28":1,"29":73,"30":292,"31":1,"32":0,"33":48,"34":48,"35":0,"36":0},"f":{"0":75,"1":11,"2":11,"3":10,"4":0,"5":3,"6":1,"7":292,"8":1,"9":0,"10":48,"11":48},"b":{"0":[10,1],"1":[11,10],"2":[0,0],"3":[0,3],"4":[3,3,3],"5":[1,74],"6":[73,73],"7":[0,0],"8":[0,0],"9":[0,0],"10":[0,0],"11":[0,0],"12":[75,3],"13":[0,48],"14":[48,0],"15":[75,49],"16":[3,70]},"meta":{"lastBranch":17,"lastFunction":12,"lastStatement":37,"seen":{"s:12:22:17:Infinity":0,"f:19:24:19:36":0,"s:20:30:20:Infinity":1,"s:21:24:21:Infinity":2,"s:22:32:22:Infinity":3,"s:23:42:23:Infinity":4,"s:24:8:24:Infinity":5,"s:26:2:30:Infinity":6,"f:26:12:26:18":1,"b:27:4:29:Infinity:undefined:undefined:undefined:undefined":0,"s:27:4:29:Infinity":7,"b:27:8:27:18:27:18:27:35":1,"s:28:6:28:Infinity":8,"s:32:2:34:Infinity":9,"f:32:12:32:18":2,"s:33:4:33:Infinity":10,"s:36:27:47:Infinity":11,"f:36:27:36:39":3,"s:37:25:40:Infinity":12,"s:41:4:41:Infinity":13,"s:44:4:46:Infinity":14,"f:44:59:44:60":4,"s:45:6:45:Infinity":15,"b:45:18:45:35:45:35:45:37":2,"s:49:21:63:Infinity":16,"f:49:21:49:33":5,"b:50:4:50:Infinity:undefined:undefined:undefined:undefined":3,"s:50:4:50:Infinity":17,"b:50:8:50:25:50:25:50:38:50:38:50:55":4,"s:50:55:50:Infinity":18,"s:52:20:52:Infinity":19,"s:53:4:53:Infinity":20,"s:54:4:54:Infinity":21,"s:56:25:56:Infinity":22,"s:57:4:60:Infinity":23,"s:62:4:62:Infinity":24,"s:65:28:67:Infinity":25,"f:65:28:65:29":6,"s:66:4:66:Infinity":26,"b:69:2:69:Infinity:undefined:undefined:undefined:undefined":5,"s:69:2:69:Infinity":27,"s:69:15:69:Infinity":28,"s:71:2:201:Infinity":29,"b:101:9:101:Infinity:102:10:121:Infinity":6,"f:111:33:111:34":7,"s:112:16:118:Infinity":30,"f:114:27:114:33":8,"s:114:33:114:Infinity":31,"f:125:24:125:25":9,"s:126:12:152:Infinity":32,"b:130:65:130:86:130:86:130:88":7,"b:134:20:134:Infinity:135:20:135:Infinity":8,"b:137:43:137:74:137:74:137:Infinity":9,"b:141:20:141:Infinity:142:20:142:Infinity":10,"b:145:18:145:Infinity:147:18:149:Infinity":11,"b:156:9:156:Infinity:157:10:168:Infinity":12,"f:178:22:178:23":10,"s:178:29:178:Infinity":33,"f:181:23:181:24":11,"b:182:14:185:Infinity:undefined:undefined:undefined:undefined":13,"s:182:14:185:Infinity":34,"b:182:18:182:39:182:39:182:52":14,"s:183:16:183:Infinity":35,"s:184:16:184:Infinity":36,"b:190:22:190:39:190:39:190:Infinity":15,"b:194:14:194:Infinity:196:14:196:Infinity":16}}}
,"/home/runner/work/ai-passive-income-navigator/ai-passive-income-navigator/src/components/data/ideasCatalog.jsx": {"path":"/home/runner/work/ai-passive-income-navigator/ai-passive-income-navigator/src/components/data/ideasCatalog.jsx","statementMap":{"0":{"start":{"line":1,"column":26},"end":{"line":12,"column":null}},"1":{"start":{"line":14,"column":29},"end":{"line":526,"column":null}},"2":{"start":{"line":528,"column":33},"end":{"line":532,"column":null}},"3":{"start":{"line":534,"column":29},"end":{"line":540,"column":null}},"4":{"start":{"line":542,"column":31},"end":{"line":546,"column":null}},"5":{"start":{"line":548,"column":32},"end":{"line":557,"column":null}}},"fnMap":{},"branchMap":{},"s":{"0":2,"1":2,"2":2,"3":2,"4":2,"5":2},"f":{},"b":{},"meta":{"lastBranch":0,"lastFunction":0,"lastStatement":6,"seen":{"s:1:26:12:Infinity":0,"s:14:29:526:Infinity":1,"s:528:33:532:Infinity":2,"s:534:29:540:Infinity":3,"s:542:31:546:Infinity":4,"s:548:32:557:Infinity":5}}}
,"/home/runner/work/ai-passive-income-navigator/ai-passive-income-navigator/src/components/enrichment/EnrichmentModal.jsx": {"path":"/home/runner/work/ai-passive-income-navigator/ai-passive-income-navigator/src/components/enrichment/EnrichmentModal.jsx","statementMap":{"0":{"start":{"line":17,"column":28},"end":{"line":22,"column":null}},"1":{"start":{"line":25,"column":32},"end":{"line":25,"column":null}},"2":{"start":{"line":26,"column":32},"end":{"line":26,"column":null}},"3":{"start":{"line":27,"column":30},"end":{"line":27,"column":null}},"4":{"start":{"line":28,"column":34},"end":{"line":28,"column":null}},"5":{"start":{"line":30,"column":29},"end":{"line":78,"column":null}},"6":{"start":{"line":31,"column":4},"end":{"line":31,"column":null}},"7":{"start":{"line":32,"column":4},"end":{"line":32,"column":null}},"8":{"start":{"line":34,"column":21},"end":{"line":34,"column":null}},"9":{"start":{"line":35,"column":20},"end":{"line":35,"column":null}},"10":{"start":{"line":37,"column":4},"end":{"line":60,"column":null}},"11":{"start":{"line":37,"column":17},"end":{"line":37,"column":20}},"12":{"start":{"line":38,"column":22},"end":{"line":38,"column":null}},"13":{"start":{"line":39,"column":6},"end":{"line":39,"column":null}},"14":{"start":{"line":41,"column":22},"end":{"line":46,"column":null}},"15":{"start":{"line":48,"column":23},"end":{"line":57,"column":null}},"16":{"start":{"line":59,"column":6},"end":{"line":59,"column":null}},"17":{"start":{"line":62,"column":4},"end":{"line":62,"column":null}},"18":{"start":{"line":65,"column":28},"end":{"line":74,"column":null}},"19":{"start":{"line":76,"column":4},"end":{"line":76,"column":null}},"20":{"start":{"line":77,"column":4},"end":{"line":77,"column":null}},"21":{"start":{"line":80,"column":24},"end":{"line":187,"column":null}},"22":{"start":{"line":81,"column":17},"end":{"line":81,"column":null}},"23":{"start":{"line":83,"column":4},"end":{"line":83,"column":null}},"24":{"start":{"line":83,"column":36},"end":{"line":83,"column":null}},"25":{"start":{"line":85,"column":4},"end":{"line":186,"column":null}},"26":{"start":{"line":87,"column":8},"end":{"line":95,"column":null}},"27":{"start":{"line":90,"column":14},"end":{"line":93,"column":null}},"28":{"start":{"line":99,"column":8},"end":{"line":124,"column":null}},"29":{"start":{"line":102,"column":14},"end":{"line":122,"column":null}},"30":{"start":{"line":128,"column":8},"end":{"line":151,"column":null}},"31":{"start":{"line":131,"column":14},"end":{"line":149,"column":null}},"32":{"start":{"line":155,"column":8},"end":{"line":181,"column":null}},"33":{"start":{"line":158,"column":14},"end":{"line":179,"column":null}},"34":{"start":{"line":167,"column":22},"end":{"line":170,"column":null}},"35":{"start":{"line":185,"column":8},"end":{"line":185,"column":null}},"36":{"start":{"line":189,"column":2},"end":{"line":253,"column":null}},"37":{"start":{"line":233,"column":29},"end":{"line":233,"column":null}},"38":{"start":{"line":234,"column":32},"end":{"line":234,"column":null}},"39":{"start":{"line":235,"column":16},"end":{"line":242,"column":null}}},"fnMap":{"0":{"name":"EnrichmentModal","decl":{"start":{"line":24,"column":24},"end":{"line":24,"column":40}},"loc":{"start":{"line":24,"column":85},"end":{"line":255,"column":null}},"line":24},"1":{"name":"(anonymous_1)","decl":{"start":{"line":30,"column":29},"end":{"line":30,"column":41}},"loc":{"start":{"line":30,"column":41},"end":{"line":78,"column":null}},"line":30},"2":{"name":"(anonymous_2)","decl":{"start":{"line":80,"column":24},"end":{"line":80,"column":25}},"loc":{"start":{"line":80,"column":39},"end":{"line":187,"column":null}},"line":80},"3":{"name":"(anonymous_3)","decl":{"start":{"line":89,"column":22},"end":{"line":89,"column":23}},"loc":{"start":{"line":90,"column":14},"end":{"line":93,"column":null}},"line":90},"4":{"name":"(anonymous_4)","decl":{"start":{"line":101,"column":22},"end":{"line":101,"column":23}},"loc":{"start":{"line":102,"column":14},"end":{"line":122,"column":null}},"line":102},"5":{"name":"(anonymous_5)","decl":{"start":{"line":130,"column":22},"end":{"line":130,"column":23}},"loc":{"start":{"line":131,"column":14},"end":{"line":149,"column":null}},"line":131},"6":{"name":"(anonymous_6)","decl":{"start":{"line":157,"column":22},"end":{"line":157,"column":23}},"loc":{"start":{"line":158,"column":14},"end":{"line":179,"column":null}},"line":158},"7":{"name":"(anonymous_7)","decl":{"start":{"line":166,"column":38},"end":{"line":166,"column":39}},"loc":{"start":{"line":167,"column":22},"end":{"line":170,"column":null}},"line":167},"8":{"name":"(anonymous_8)","decl":{"start":{"line":232,"column":39},"end":{"line":232,"column":40}},"loc":{"start":{"line":232,"column":52},"end":{"line":244,"column":15}},"line":232}},"branchMap":{"0":{"loc":{"start":{"line":28,"column":47},"end":{"line":28,"column":73}},"type":"binary-expr","locations":[{"start":{"line":28,"column":47},"end":{"line":28,"column":69}},{"start":{"line":28,"column":69},"end":{"line":28,"column":73}}],"line":28},"1":{"loc":{"start":{"line":59,"column":25},"end":{"line":59,"column":null}},"type":"binary-expr","locations":[{"start":{"line":59,"column":25},"end":{"line":59,"column":46}},{"start":{"line":59,"column":46},"end":{"line":59,"column":null}}],"line":59},"2":{"loc":{"start":{"line":83,"column":4},"end":{"line":83,"column":null}},"type":"if","locations":[{"start":{"line":83,"column":4},"end":{"line":83,"column":null}},{"start":{},"end":{}}],"line":83},"3":{"loc":{"start":{"line":83,"column":8},"end":{"line":83,"column":36}},"type":"binary-expr","locations":[{"start":{"line":83,"column":8},"end":{"line":83,"column":17}},{"start":{"line":83,"column":17},"end":{"line":83,"column":36}}],"line":83},"4":{"loc":{"start":{"line":85,"column":4},"end":{"line":186,"column":null}},"type":"switch","locations":[{"start":{"line":86,"column":6},"end":{"line":95,"column":null}},{"start":{"line":98,"column":6},"end":{"line":124,"column":null}},{"start":{"line":127,"column":6},"end":{"line":151,"column":null}},{"start":{"line":154,"column":6},"end":{"line":181,"column":null}},{"start":{"line":184,"column":6},"end":{"line":185,"column":null}}],"line":85},"5":{"loc":{"start":{"line":91,"column":66},"end":{"line":91,"column":99}},"type":"binary-expr","locations":[{"start":{"line":91,"column":66},"end":{"line":91,"column":85}},{"start":{"line":91,"column":85},"end":{"line":91,"column":99}}],"line":91},"6":{"loc":{"start":{"line":92,"column":74},"end":{"line":92,"column":113}},"type":"binary-expr","locations":[{"start":{"line":92,"column":74},"end":{"line":92,"column":93}},{"start":{"line":92,"column":93},"end":{"line":92,"column":113}}],"line":92},"7":{"loc":{"start":{"line":103,"column":16},"end":{"line":105,"column":null}},"type":"cond-expr","locations":[{"start":{"line":103,"column":43},"end":{"line":103,"column":null}},{"start":{"line":104,"column":16},"end":{"line":105,"column":null}}],"line":103},"8":{"loc":{"start":{"line":104,"column":16},"end":{"line":105,"column":null}},"type":"cond-expr","locations":[{"start":{"line":104,"column":45},"end":{"line":104,"column":null}},{"start":{"line":105,"column":16},"end":{"line":105,"column":null}}],"line":104},"9":{"loc":{"start":{"line":108,"column":63},"end":{"line":108,"column":90}},"type":"binary-expr","locations":[{"start":{"line":108,"column":63},"end":{"line":108,"column":80}},{"start":{"line":108,"column":80},"end":{"line":108,"column":90}}],"line":108},"10":{"loc":{"start":{"line":110,"column":20},"end":{"line":112,"column":null}},"type":"cond-expr","locations":[{"start":{"line":110,"column":47},"end":{"line":110,"column":null}},{"start":{"line":111,"column":20},"end":{"line":112,"column":null}}],"line":110},"11":{"loc":{"start":{"line":111,"column":20},"end":{"line":112,"column":null}},"type":"cond-expr","locations":[{"start":{"line":111,"column":49},"end":{"line":111,"column":null}},{"start":{"line":112,"column":20},"end":{"line":112,"column":null}}],"line":111},"12":{"loc":{"start":{"line":117,"column":59},"end":{"line":117,"column":89}},"type":"binary-expr","locations":[{"start":{"line":117,"column":59},"end":{"line":117,"column":79}},{"start":{"line":117,"column":79},"end":{"line":117,"column":89}}],"line":117},"13":{"loc":{"start":{"line":139,"column":22},"end":{"line":141,"column":null}},"type":"cond-expr","locations":[{"start":{"line":139,"column":54},"end":{"line":139,"column":null}},{"start":{"line":140,"column":22},"end":{"line":141,"column":null}}],"line":139},"14":{"loc":{"start":{"line":140,"column":22},"end":{"line":141,"column":null}},"type":"cond-expr","locations":[{"start":{"line":140,"column":56},"end":{"line":140,"column":null}},{"start":{"line":141,"column":22},"end":{"line":141,"column":null}}],"line":140},"15":{"loc":{"start":{"line":173,"column":19},"end":{"line":176,"column":null}},"type":"binary-expr","locations":[{"start":{"line":173,"column":19},"end":{"line":173,"column":null}},{"start":{"line":174,"column":20},"end":{"line":176,"column":null}}],"line":173},"16":{"loc":{"start":{"line":199,"column":9},"end":{"line":250,"column":null}},"type":"cond-expr","locations":[{"start":{"line":200,"column":10},"end":{"line":210,"column":null}},{"start":{"line":211,"column":12},"end":{"line":250,"column":null}}],"line":199},"17":{"loc":{"start":{"line":211,"column":12},"end":{"line":250,"column":null}},"type":"cond-expr","locations":[{"start":{"line":212,"column":10},"end":{"line":228,"column":null}},{"start":{"line":230,"column":10},"end":{"line":250,"column":null}}],"line":211},"18":{"loc":{"start":{"line":239,"column":21},"end":{"line":240,"column":null}},"type":"binary-expr","locations":[{"start":{"line":239,"column":21},"end":{"line":239,"column":null}},{"start":{"line":240,"column":22},"end":{"line":240,"column":null}}],"line":239}},"s":{"0":1,"1":19,"2":19,"3":19,"4":19,"5":19,"6":0,"7":0,"8":0,"9":0,"10":0,"11":0,"12":0,"13":0,"14":0,"15":0,"16":0,"17":0,"18":0,"19":0,"20":0,"21":19,"22":0,"23":0,"24":0,"25":0,"26":0,"27":0,"28":0,"29":0,"30":0,"31":0,"32":0,"33":0,"34":0,"35":0,"36":19,"37":0,"38":0,"39":0},"f":{"0":19,"1":0,"2":0,"3":0,"4":0,"5":0,"6":0,"7":0,"8":0},"b":{"0":[19,19],"1":[0,0],"2":[0,0],"3":[0,0],"4":[0,0,0,0,0],"5":[0,0],"6":[0,0],"7":[0,0],"8":[0,0],"9":[0,0],"10":[0,0],"11":[0,0],"12":[0,0],"13":[0,0],"14":[0,0],"15":[0,0],"16":[0,19],"17":[19,0],"18":[0,0]},"meta":{"lastBranch":19,"lastFunction":9,"lastStatement":40,"seen":{"s:17:28:22:Infinity":0,"f:24:24:24:40":0,"s:25:32:25:Infinity":1,"s:26:32:26:Infinity":2,"s:27:30:27:Infinity":3,"s:28:34:28:Infinity":4,"b:28:47:28:69:28:69:28:73":0,"s:30:29:78:Infinity":5,"f:30:29:30:41":1,"s:31:4:31:Infinity":6,"s:32:4:32:Infinity":7,"s:34:21:34:Infinity":8,"s:35:20:35:Infinity":9,"s:37:4:60:Infinity":10,"s:37:17:37:20":11,"s:38:22:38:Infinity":12,"s:39:6:39:Infinity":13,"s:41:22:46:Infinity":14,"s:48:23:57:Infinity":15,"s:59:6:59:Infinity":16,"b:59:25:59:46:59:46:59:Infinity":1,"s:62:4:62:Infinity":17,"s:65:28:74:Infinity":18,"s:76:4:76:Infinity":19,"s:77:4:77:Infinity":20,"s:80:24:187:Infinity":21,"f:80:24:80:25":2,"s:81:17:81:Infinity":22,"b:83:4:83:Infinity:undefined:undefined:undefined:undefined":2,"s:83:4:83:Infinity":23,"b:83:8:83:17:83:17:83:36":3,"s:83:36:83:Infinity":24,"b:86:6:95:Infinity:98:6:124:Infinity:127:6:151:Infinity:154:6:181:Infinity:184:6:185:Infinity":4,"s:85:4:186:Infinity":25,"s:87:8:95:Infinity":26,"f:89:22:89:23":3,"s:90:14:93:Infinity":27,"b:91:66:91:85:91:85:91:99":5,"b:92:74:92:93:92:93:92:113":6,"s:99:8:124:Infinity":28,"f:101:22:101:23":4,"s:102:14:122:Infinity":29,"b:103:43:103:Infinity:104:16:105:Infinity":7,"b:104:45:104:Infinity:105:16:105:Infinity":8,"b:108:63:108:80:108:80:108:90":9,"b:110:47:110:Infinity:111:20:112:Infinity":10,"b:111:49:111:Infinity:112:20:112:Infinity":11,"b:117:59:117:79:117:79:117:89":12,"s:128:8:151:Infinity":30,"f:130:22:130:23":5,"s:131:14:149:Infinity":31,"b:139:54:139:Infinity:140:22:141:Infinity":13,"b:140:56:140:Infinity:141:22:141:Infinity":14,"s:155:8:181:Infinity":32,"f:157:22:157:23":6,"s:158:14:179:Infinity":33,"f:166:38:166:39":7,"s:167:22:170:Infinity":34,"b:173:19:173:Infinity:174:20:176:Infinity":15,"s:185:8:185:Infinity":35,"s:189:2:253:Infinity":36,"b:200:10:210:Infinity:211:12:250:Infinity":16,"b:212:10:228:Infinity:230:10:250:Infinity":17,"f:232:39:232:40":8,"s:233:29:233:Infinity":37,"s:234:32:234:Infinity":38,"s:235:16:242:Infinity":39,"b:239:21:239:Infinity:240:22:240:Infinity":18}}}
,"/home/runner/work/ai-passive-income-navigator/ai-passive-income-navigator/src/components/ideas/CategoryFilter.jsx": {"path":"/home/runner/work/ai-passive-income-navigator/ai-passive-income-navigator/src/components/ideas/CategoryFilter.jsx","statementMap":{"0":{"start":{"line":10,"column":16},"end":{"line":13,"column":null}},"1":{"start":{"line":16,"column":2},"end":{"line":56,"column":null}},"2":{"start":{"line":22,"column":25},"end":{"line":22,"column":null}},"3":{"start":{"line":34,"column":23},"end":{"line":34,"column":null}},"4":{"start":{"line":35,"column":29},"end":{"line":35,"column":null}},"5":{"start":{"line":37,"column":10},"end":{"line":51,"column":null}},"6":{"start":{"line":42,"column":29},"end":{"line":42,"column":null}}},"fnMap":{"0":{"name":"CategoryFilter","decl":{"start":{"line":15,"column":24},"end":{"line":15,"column":39}},"loc":{"start":{"line":15,"column":79},"end":{"line":58,"column":null}},"line":15},"1":{"name":"(anonymous_1)","decl":{"start":{"line":22,"column":19},"end":{"line":22,"column":25}},"loc":{"start":{"line":22,"column":25},"end":{"line":22,"column":null}},"line":22},"2":{"name":"(anonymous_2)","decl":{"start":{"line":33,"column":24},"end":{"line":33,"column":25}},"loc":{"start":{"line":33,"column":38},"end":{"line":53,"column":9}},"line":33},"3":{"name":"(anonymous_3)","decl":{"start":{"line":42,"column":23},"end":{"line":42,"column":29}},"loc":{"start":{"line":42,"column":29},"end":{"line":42,"column":null}},"line":42}},"branchMap":{"0":{"loc":{"start":{"line":24,"column":12},"end":{"line":26,"column":null}},"type":"cond-expr","locations":[{"start":{"line":25,"column":16},"end":{"line":25,"column":null}},{"start":{"line":26,"column":16},"end":{"line":26,"column":null}}],"line":24},"1":{"loc":{"start":{"line":34,"column":23},"end":{"line":34,"column":null}},"type":"binary-expr","locations":[{"start":{"line":34,"column":23},"end":{"line":34,"column":49}},{"start":{"line":34,"column":49},"end":{"line":34,"column":null}}],"line":34},"2":{"loc":{"start":{"line":44,"column":16},"end":{"line":46,"column":null}},"type":"cond-expr","locations":[{"start":{"line":45,"column":20},"end":{"line":45,"column":null}},{"start":{"line":46,"column":20},"end":{"line":46,"column":null}}],"line":44}},"s":{"0":0,"1":0,"2":0,"3":0,"4":0,"5":0,"6":0},"f":{"0":0,"1":0,"2":0,"3":0},"b":{"0":[0,0],"1":[0,0],"2":[0,0]},"meta":{"lastBranch":3,"lastFunction":4,"lastStatement":7,"seen":{"s:10:16:13:Infinity":0,"f:15:24:15:39":0,"s:16:2:56:Infinity":1,"f:22:19:22:25":1,"s:22:25:22:Infinity":2,"b:25:16:25:Infinity:26:16:26:Infinity":0,"f:33:24:33:25":2,"s:34:23:34:Infinity":3,"b:34:23:34:49:34:49:34:Infinity":1,"s:35:29:35:Infinity":4,"s:37:10:51:Infinity":5,"f:42:23:42:29":3,"s:42:29:42:Infinity":6,"b:45:20:45:Infinity:46:20:46:Infinity":2}}}
,"/home/runner/work/ai-passive-income-navigator/ai-passive-income-navigator/src/components/ideas/IdeaCard.jsx": {"path":"/home/runner/work/ai-passive-income-navigator/ai-passive-income-navigator/src/components/ideas/IdeaCard.jsx","statementMap":{"0":{"start":{"line":18,"column":2},"end":{"line":110,"column":null}},"1":{"start":{"line":36,"column":16},"end":{"line":36,"column":null}},"2":{"start":{"line":37,"column":16},"end":{"line":37,"column":null}},"3":{"start":{"line":67,"column":14},"end":{"line":69,"column":null}},"4":{"start":{"line":81,"column":14},"end":{"line":96,"column":null}},"5":{"start":{"line":84,"column":18},"end":{"line":84,"column":null}},"6":{"start":{"line":85,"column":18},"end":{"line":85,"column":null}},"7":{"start":{"line":102,"column":27},"end":{"line":102,"column":null}}},"fnMap":{"0":{"name":"IdeaCard","decl":{"start":{"line":9,"column":24},"end":{"line":9,"column":33}},"loc":{"start":{"line":17,"column":3},"end":{"line":112,"column":null}},"line":17},"1":{"name":"(anonymous_1)","decl":{"start":{"line":35,"column":23},"end":{"line":35,"column":24}},"loc":{"start":{"line":35,"column":30},"end":{"line":38,"column":null}},"line":35},"2":{"name":"(anonymous_2)","decl":{"start":{"line":66,"column":41},"end":{"line":66,"column":42}},"loc":{"start":{"line":67,"column":14},"end":{"line":69,"column":null}},"line":67},"3":{"name":"(anonymous_3)","decl":{"start":{"line":80,"column":33},"end":{"line":80,"column":34}},"loc":{"start":{"line":81,"column":14},"end":{"line":96,"column":null}},"line":81},"4":{"name":"(anonymous_4)","decl":{"start":{"line":83,"column":25},"end":{"line":83,"column":26}},"loc":{"start":{"line":83,"column":32},"end":{"line":86,"column":null}},"line":83},"5":{"name":"(anonymous_5)","decl":{"start":{"line":102,"column":21},"end":{"line":102,"column":27}},"loc":{"start":{"line":102,"column":27},"end":{"line":102,"column":null}},"line":102}},"branchMap":{"0":{"loc":{"start":{"line":16,"column":2},"end":{"line":16,"column":null}},"type":"default-arg","locations":[{"start":{"line":16,"column":10},"end":{"line":16,"column":null}}],"line":16},"1":{"loc":{"start":{"line":34,"column":36},"end":{"line":34,"column":108}},"type":"cond-expr","locations":[{"start":{"line":34,"column":51},"end":{"line":34,"column":71}},{"start":{"line":34,"column":71},"end":{"line":34,"column":108}}],"line":34},"2":{"loc":{"start":{"line":40,"column":15},"end":{"line":40,"column":null}},"type":"cond-expr","locations":[{"start":{"line":40,"column":30},"end":{"line":40,"column":70}},{"start":{"line":40,"column":70},"end":{"line":40,"column":null}}],"line":40},"3":{"loc":{"start":{"line":71,"column":13},"end":{"line":74,"column":null}},"type":"binary-expr","locations":[{"start":{"line":71,"column":13},"end":{"line":71,"column":null}},{"start":{"line":72,"column":14},"end":{"line":74,"column":null}}],"line":71},"4":{"loc":{"start":{"line":91,"column":20},"end":{"line":93,"column":null}},"type":"cond-expr","locations":[{"start":{"line":92,"column":24},"end":{"line":92,"column":null}},{"start":{"line":93,"column":24},"end":{"line":93,"column":null}}],"line":91},"5":{"loc":{"start":{"line":91,"column":29},"end":{"line":91,"column":null}},"type":"binary-expr","locations":[{"start":{"line":91,"column":29},"end":{"line":91,"column":43}},{"start":{"line":91,"column":43},"end":{"line":91,"column":null}}],"line":91}},"s":{"0":0,"1":0,"2":0,"3":0,"4":0,"5":0,"6":0,"7":0},"f":{"0":0,"1":0,"2":0,"3":0,"4":0,"5":0},"b":{"0":[0],"1":[0,0],"2":[0,0],"3":[0,0],"4":[0,0],"5":[0,0]},"meta":{"lastBranch":6,"lastFunction":6,"lastStatement":8,"seen":{"f:9:24:9:33":0,"b:16:10:16:Infinity":0,"s:18:2:110:Infinity":0,"b:34:51:34:71:34:71:34:108":1,"f:35:23:35:24":1,"s:36:16:36:Infinity":1,"s:37:16:37:Infinity":2,"b:40:30:40:70:40:70:40:Infinity":2,"f:66:41:66:42":2,"s:67:14:69:Infinity":3,"b:71:13:71:Infinity:72:14:74:Infinity":3,"f:80:33:80:34":3,"s:81:14:96:Infinity":4,"f:83:25:83:26":4,"s:84:18:84:Infinity":5,"s:85:18:85:Infinity":6,"b:92:24:92:Infinity:93:24:93:Infinity":4,"b:91:29:91:43:91:43:91:Infinity":5,"f:102:21:102:27":5,"s:102:27:102:Infinity":7}}}
,"/home/runner/work/ai-passive-income-navigator/ai-passive-income-navigator/src/components/ideas/SearchBar.jsx": {"path":"/home/runner/work/ai-passive-income-navigator/ai-passive-income-navigator/src/components/ideas/SearchBar.jsx","statementMap":{"0":{"start":{"line":7,"column":2},"end":{"line":26,"column":null}},"1":{"start":{"line":12,"column":25},"end":{"line":12,"column":null}},"2":{"start":{"line":20,"column":25},"end":{"line":20,"column":null}}},"fnMap":{"0":{"name":"SearchBar","decl":{"start":{"line":6,"column":24},"end":{"line":6,"column":34}},"loc":{"start":{"line":6,"column":88},"end":{"line":28,"column":null}},"line":6},"1":{"name":"(anonymous_1)","decl":{"start":{"line":12,"column":18},"end":{"line":12,"column":19}},"loc":{"start":{"line":12,"column":25},"end":{"line":12,"column":null}},"line":12},"2":{"name":"(anonymous_2)","decl":{"start":{"line":20,"column":19},"end":{"line":20,"column":25}},"loc":{"start":{"line":20,"column":25},"end":{"line":20,"column":null}},"line":20}},"branchMap":{"0":{"loc":{"start":{"line":6,"column":53},"end":{"line":6,"column":85}},"type":"default-arg","locations":[{"start":{"line":6,"column":67},"end":{"line":6,"column":85}}],"line":6},"1":{"loc":{"start":{"line":16,"column":7},"end":{"line":24,"column":null}},"type":"binary-expr","locations":[{"start":{"line":16,"column":7},"end":{"line":16,"column":null}},{"start":{"line":17,"column":8},"end":{"line":24,"column":null}}],"line":16}},"s":{"0":7,"1":10,"2":1},"f":{"0":7,"1":10,"2":1},"b":{"0":[7],"1":[7,3]},"meta":{"lastBranch":2,"lastFunction":3,"lastStatement":3,"seen":{"f:6:24:6:34":0,"b:6:67:6:85":0,"s:7:2:26:Infinity":0,"f:12:18:12:19":1,"s:12:25:12:Infinity":1,"b:16:7:16:Infinity:17:8:24:Infinity":1,"f:20:19:20:25":2,"s:20:25:20:Infinity":2}}}
,"/home/runner/work/ai-passive-income-navigator/ai-passive-income-navigator/src/components/monetization/MonetizationModal.jsx": {"path":"/home/runner/work/ai-passive-income-navigator/ai-passive-income-navigator/src/components/monetization/MonetizationModal.jsx","statementMap":{"0":{"start":{"line":17,"column":22},"end":{"line":23,"column":null}},"1":{"start":{"line":26,"column":32},"end":{"line":26,"column":null}},"2":{"start":{"line":27,"column":32},"end":{"line":27,"column":null}},"3":{"start":{"line":28,"column":30},"end":{"line":28,"column":null}},"4":{"start":{"line":29,"column":26},"end":{"line":29,"column":null}},"5":{"start":{"line":31,"column":27},"end":{"line":67,"column":null}},"6":{"start":{"line":32,"column":4},"end":{"line":32,"column":null}},"7":{"start":{"line":34,"column":20},"end":{"line":40,"column":null}},"8":{"start":{"line":42,"column":21},"end":{"line":53,"column":null}},"9":{"start":{"line":55,"column":4},"end":{"line":55,"column":null}},"10":{"start":{"line":55,"column":25},"end":{"line":55,"column":55}},"11":{"start":{"line":58,"column":4},"end":{"line":64,"column":null}},"12":{"start":{"line":66,"column":4},"end":{"line":66,"column":null}},"13":{"start":{"line":69,"column":26},"end":{"line":74,"column":null}},"14":{"start":{"line":70,"column":4},"end":{"line":70,"column":null}},"15":{"start":{"line":71,"column":4},"end":{"line":71,"column":null}},"16":{"start":{"line":72,"column":4},"end":{"line":72,"column":null}},"17":{"start":{"line":73,"column":4},"end":{"line":73,"column":null}},"18":{"start":{"line":73,"column":21},"end":{"line":73,"column":39}},"19":{"start":{"line":76,"column":24},"end":{"line":171,"column":null}},"20":{"start":{"line":77,"column":28},"end":{"line":77,"column":null}},"21":{"start":{"line":79,"column":4},"end":{"line":87,"column":null}},"22":{"start":{"line":80,"column":6},"end":{"line":85,"column":null}},"23":{"start":{"line":89,"column":4},"end":{"line":111,"column":null}},"24":{"start":{"line":90,"column":6},"end":{"line":109,"column":null}},"25":{"start":{"line":93,"column":57},"end":{"line":93,"column":75}},"26":{"start":{"line":104,"column":27},"end":{"line":104,"column":null}},"27":{"start":{"line":113,"column":4},"end":{"line":169,"column":null}},"28":{"start":{"line":129,"column":29},"end":{"line":129,"column":null}},"29":{"start":{"line":150,"column":16},"end":{"line":155,"column":null}},"30":{"start":{"line":164,"column":25},"end":{"line":164,"column":null}},"31":{"start":{"line":173,"column":2},"end":{"line":200,"column":null}},"32":{"start":{"line":185,"column":27},"end":{"line":185,"column":null}},"33":{"start":{"line":186,"column":14},"end":{"line":190,"column":null}}},"fnMap":{"0":{"name":"MonetizationModal","decl":{"start":{"line":25,"column":24},"end":{"line":25,"column":42}},"loc":{"start":{"line":25,"column":85},"end":{"line":202,"column":null}},"line":25},"1":{"name":"(anonymous_1)","decl":{"start":{"line":31,"column":27},"end":{"line":31,"column":34}},"loc":{"start":{"line":31,"column":43},"end":{"line":67,"column":null}},"line":31},"2":{"name":"(anonymous_2)","decl":{"start":{"line":55,"column":16},"end":{"line":55,"column":25}},"loc":{"start":{"line":55,"column":25},"end":{"line":55,"column":55}},"line":55},"3":{"name":"(anonymous_3)","decl":{"start":{"line":69,"column":26},"end":{"line":69,"column":27}},"loc":{"start":{"line":69,"column":36},"end":{"line":74,"column":null}},"line":69},"4":{"name":"(anonymous_4)","decl":{"start":{"line":73,"column":15},"end":{"line":73,"column":21}},"loc":{"start":{"line":73,"column":21},"end":{"line":73,"column":39}},"line":73},"5":{"name":"(anonymous_5)","decl":{"start":{"line":76,"column":24},"end":{"line":76,"column":30}},"loc":{"start":{"line":76,"column":30},"end":{"line":171,"column":null}},"line":76},"6":{"name":"(anonymous_6)","decl":{"start":{"line":93,"column":52},"end":{"line":93,"column":57}},"loc":{"start":{"line":93,"column":57},"end":{"line":93,"column":75}},"line":93},"7":{"name":"(anonymous_7)","decl":{"start":{"line":104,"column":21},"end":{"line":104,"column":27}},"loc":{"start":{"line":104,"column":27},"end":{"line":104,"column":null}},"line":104},"8":{"name":"(anonymous_8)","decl":{"start":{"line":129,"column":23},"end":{"line":129,"column":29}},"loc":{"start":{"line":129,"column":29},"end":{"line":129,"column":null}},"line":129},"9":{"name":"(anonymous_9)","decl":{"start":{"line":149,"column":51},"end":{"line":149,"column":52}},"loc":{"start":{"line":150,"column":16},"end":{"line":155,"column":null}},"line":150},"10":{"name":"(anonymous_10)","decl":{"start":{"line":164,"column":19},"end":{"line":164,"column":25}},"loc":{"start":{"line":164,"column":25},"end":{"line":164,"column":null}},"line":164},"11":{"name":"(anonymous_11)","decl":{"start":{"line":184,"column":31},"end":{"line":184,"column":32}},"loc":{"start":{"line":184,"column":40},"end":{"line":192,"column":13}},"line":184}},"branchMap":{"0":{"loc":{"start":{"line":28,"column":43},"end":{"line":28,"column":65}},"type":"binary-expr","locations":[{"start":{"line":28,"column":43},"end":{"line":28,"column":63}},{"start":{"line":28,"column":63},"end":{"line":28,"column":65}}],"line":28},"1":{"loc":{"start":{"line":62,"column":10},"end":{"line":62,"column":61}},"type":"cond-expr","locations":[{"start":{"line":62,"column":33},"end":{"line":62,"column":57}},{"start":{"line":62,"column":57},"end":{"line":62,"column":61}}],"line":62},"2":{"loc":{"start":{"line":70,"column":34},"end":{"line":70,"column":97}},"type":"cond-expr","locations":[{"start":{"line":70,"column":61},"end":{"line":70,"column":93}},{"start":{"line":70,"column":93},"end":{"line":70,"column":97}}],"line":70},"3":{"loc":{"start":{"line":79,"column":4},"end":{"line":87,"column":null}},"type":"if","locations":[{"start":{"line":79,"column":4},"end":{"line":87,"column":null}},{"start":{},"end":{}}],"line":79},"4":{"loc":{"start":{"line":89,"column":4},"end":{"line":111,"column":null}},"type":"if","locations":[{"start":{"line":89,"column":4},"end":{"line":111,"column":null}},{"start":{},"end":{}}],"line":89},"5":{"loc":{"start":{"line":93,"column":33},"end":{"line":93,"column":98}},"type":"binary-expr","locations":[{"start":{"line":93,"column":33},"end":{"line":93,"column":86}},{"start":{"line":93,"column":86},"end":{"line":93,"column":98}}],"line":93},"6":{"loc":{"start":{"line":116,"column":9},"end":{"line":119,"column":null}},"type":"binary-expr","locations":[{"start":{"line":116,"column":9},"end":{"line":116,"column":null}},{"start":{"line":117,"column":10},"end":{"line":119,"column":null}}],"line":116},"7":{"loc":{"start":{"line":132,"column":15},"end":{"line":132,"column":91}},"type":"cond-expr","locations":[{"start":{"line":132,"column":24},"end":{"line":132,"column":62}},{"start":{"line":132,"column":62},"end":{"line":132,"column":91}}],"line":132},"8":{"loc":{"start":{"line":142,"column":9},"end":{"line":158,"column":null}},"type":"binary-expr","locations":[{"start":{"line":142,"column":9},"end":{"line":142,"column":null}},{"start":{"line":143,"column":10},"end":{"line":158,"column":null}}],"line":142}},"s":{"0":1,"1":19,"2":19,"3":19,"4":19,"5":19,"6":0,"7":0,"8":0,"9":0,"10":0,"11":0,"12":0,"13":19,"14":0,"15":0,"16":0,"17":0,"18":0,"19":19,"20":19,"21":19,"22":0,"23":19,"24":19,"25":19,"26":0,"27":0,"28":0,"29":0,"30":0,"31":19,"32":95,"33":95},"f":{"0":19,"1":0,"2":0,"3":0,"4":0,"5":19,"6":19,"7":0,"8":0,"9":0,"10":0,"11":95},"b":{"0":[19,19],"1":[0,0],"2":[0,0],"3":[0,19],"4":[19,0],"5":[19,0],"6":[0,0],"7":[0,0],"8":[19,0]},"meta":{"lastBranch":9,"lastFunction":12,"lastStatement":34,"seen":{"s:17:22:23:Infinity":0,"f:25:24:25:42":0,"s:26:32:26:Infinity":1,"s:27:32:27:Infinity":2,"s:28:30:28:Infinity":3,"b:28:43:28:63:28:63:28:65":0,"s:29:26:29:Infinity":4,"s:31:27:67:Infinity":5,"f:31:27:31:34":1,"s:32:4:32:Infinity":6,"s:34:20:40:Infinity":7,"s:42:21:53:Infinity":8,"s:55:4:55:Infinity":9,"f:55:16:55:25":2,"s:55:25:55:55":10,"s:58:4:64:Infinity":11,"b:62:33:62:57:62:57:62:61":1,"s:66:4:66:Infinity":12,"s:69:26:74:Infinity":13,"f:69:26:69:27":3,"s:70:4:70:Infinity":14,"b:70:61:70:93:70:93:70:97":2,"s:71:4:71:Infinity":15,"s:72:4:72:Infinity":16,"s:73:4:73:Infinity":17,"f:73:15:73:21":4,"s:73:21:73:39":18,"s:76:24:171:Infinity":19,"f:76:24:76:30":5,"s:77:28:77:Infinity":20,"b:79:4:87:Infinity:undefined:undefined:undefined:undefined":3,"s:79:4:87:Infinity":21,"s:80:6:85:Infinity":22,"b:89:4:111:Infinity:undefined:undefined:undefined:undefined":4,"s:89:4:111:Infinity":23,"s:90:6:109:Infinity":24,"b:93:33:93:86:93:86:93:98":5,"f:93:52:93:57":6,"s:93:57:93:75":25,"f:104:21:104:27":7,"s:104:27:104:Infinity":26,"s:113:4:169:Infinity":27,"b:116:9:116:Infinity:117:10:119:Infinity":6,"f:129:23:129:29":8,"s:129:29:129:Infinity":28,"b:132:24:132:62:132:62:132:91":7,"b:142:9:142:Infinity:143:10:158:Infinity":8,"f:149:51:149:52":9,"s:150:16:155:Infinity":29,"f:164:19:164:25":10,"s:164:25:164:Infinity":30,"s:173:2:200:Infinity":31,"f:184:31:184:32":11,"s:185:27:185:Infinity":32,"s:186:14:190:Infinity":33}}}
,"/home/runner/work/ai-passive-income-navigator/ai-passive-income-navigator/src/components/onboarding/OnboardingModal.jsx": {"path":"/home/runner/work/ai-passive-income-navigator/ai-passive-income-navigator/src/components/onboarding/OnboardingModal.jsx","statementMap":{"0":{"start":{"line":12,"column":14},"end":{"line":43,"column":null}},"1":{"start":{"line":45,"column":21},"end":{"line":50,"column":null}},"2":{"start":{"line":52,"column":15},"end":{"line":56,"column":null}},"3":{"start":{"line":59,"column":22},"end":{"line":59,"column":null}},"4":{"start":{"line":60,"column":36},"end":{"line":65,"column":null}},"5":{"start":{"line":67,"column":8},"end":{"line":67,"column":null}},"6":{"start":{"line":69,"column":21},"end":{"line":75,"column":null}},"7":{"start":{"line":70,"column":4},"end":{"line":74,"column":null}},"8":{"start":{"line":71,"column":6},"end":{"line":71,"column":null}},"9":{"start":{"line":73,"column":6},"end":{"line":73,"column":null}},"10":{"start":{"line":77,"column":21},"end":{"line":79,"column":null}},"11":{"start":{"line":78,"column":4},"end":{"line":78,"column":null}},"12":{"start":{"line":78,"column":18},"end":{"line":78,"column":null}},"13":{"start":{"line":81,"column":22},"end":{"line":88,"column":null}},"14":{"start":{"line":82,"column":4},"end":{"line":87,"column":null}},"15":{"start":{"line":82,"column":28},"end":{"line":87,"column":6}},"16":{"start":{"line":85,"column":43},"end":{"line":85,"column":54}},"17":{"start":{"line":90,"column":28},"end":{"line":238,"column":null}},"18":{"start":{"line":91,"column":4},"end":{"line":237,"column":null}},"19":{"start":{"line":93,"column":8},"end":{"line":105,"column":null}},"20":{"start":{"line":109,"column":8},"end":{"line":134,"column":null}},"21":{"start":{"line":116,"column":27},"end":{"line":116,"column":null}},"22":{"start":{"line":117,"column":33},"end":{"line":117,"column":null}},"23":{"start":{"line":118,"column":14},"end":{"line":131,"column":null}},"24":{"start":{"line":121,"column":33},"end":{"line":121,"column":null}},"25":{"start":{"line":121,"column":57},"end":{"line":121,"column":102}},"26":{"start":{"line":138,"column":8},"end":{"line":162,"column":null}},"27":{"start":{"line":153,"column":42},"end":{"line":153,"column":null}},"28":{"start":{"line":153,"column":66},"end":{"line":153,"column":102}},"29":{"start":{"line":166,"column":8},"end":{"line":188,"column":null}},"30":{"start":{"line":179,"column":42},"end":{"line":179,"column":null}},"31":{"start":{"line":179,"column":66},"end":{"line":179,"column":101}},"32":{"start":{"line":192,"column":8},"end":{"line":216,"column":null}},"33":{"start":{"line":200,"column":35},"end":{"line":200,"column":null}},"34":{"start":{"line":201,"column":16},"end":{"line":212,"column":null}},"35":{"start":{"line":204,"column":35},"end":{"line":204,"column":null}},"36":{"start":{"line":220,"column":8},"end":{"line":232,"column":null}},"37":{"start":{"line":236,"column":8},"end":{"line":236,"column":null}},"38":{"start":{"line":240,"column":2},"end":{"line":283,"column":null}}},"fnMap":{"0":{"name":"OnboardingModal","decl":{"start":{"line":58,"column":24},"end":{"line":58,"column":40}},"loc":{"start":{"line":58,"column":62},"end":{"line":285,"column":null}},"line":58},"1":{"name":"(anonymous_1)","decl":{"start":{"line":69,"column":21},"end":{"line":69,"column":27}},"loc":{"start":{"line":69,"column":27},"end":{"line":75,"column":null}},"line":69},"2":{"name":"(anonymous_2)","decl":{"start":{"line":77,"column":21},"end":{"line":77,"column":27}},"loc":{"start":{"line":77,"column":27},"end":{"line":79,"column":null}},"line":77},"3":{"name":"(anonymous_3)","decl":{"start":{"line":81,"column":22},"end":{"line":81,"column":23}},"loc":{"start":{"line":81,"column":33},"end":{"line":88,"column":null}},"line":81},"4":{"name":"(anonymous_4)","decl":{"start":{"line":82,"column":19},"end":{"line":82,"column":28}},"loc":{"start":{"line":82,"column":28},"end":{"line":87,"column":6}},"line":82},"5":{"name":"(anonymous_5)","decl":{"start":{"line":85,"column":38},"end":{"line":85,"column":43}},"loc":{"start":{"line":85,"column":43},"end":{"line":85,"column":54}},"line":85},"6":{"name":"(anonymous_6)","decl":{"start":{"line":90,"column":28},"end":{"line":90,"column":34}},"loc":{"start":{"line":90,"column":34},"end":{"line":238,"column":null}},"line":90},"7":{"name":"(anonymous_7)","decl":{"start":{"line":115,"column":30},"end":{"line":115,"column":31}},"loc":{"start":{"line":115,"column":40},"end":{"line":133,"column":13}},"line":115},"8":{"name":"(anonymous_8)","decl":{"start":{"line":121,"column":27},"end":{"line":121,"column":33}},"loc":{"start":{"line":121,"column":33},"end":{"line":121,"column":null}},"line":121},"9":{"name":"(anonymous_9)","decl":{"start":{"line":121,"column":48},"end":{"line":121,"column":57}},"loc":{"start":{"line":121,"column":57},"end":{"line":121,"column":102}},"line":121},"10":{"name":"(anonymous_10)","decl":{"start":{"line":153,"column":29},"end":{"line":153,"column":30}},"loc":{"start":{"line":153,"column":42},"end":{"line":153,"column":null}},"line":153},"11":{"name":"(anonymous_11)","decl":{"start":{"line":153,"column":57},"end":{"line":153,"column":66}},"loc":{"start":{"line":153,"column":66},"end":{"line":153,"column":102}},"line":153},"12":{"name":"(anonymous_12)","decl":{"start":{"line":179,"column":29},"end":{"line":179,"column":30}},"loc":{"start":{"line":179,"column":42},"end":{"line":179,"column":null}},"line":179},"13":{"name":"(anonymous_13)","decl":{"start":{"line":179,"column":57},"end":{"line":179,"column":66}},"loc":{"start":{"line":179,"column":66},"end":{"line":179,"column":101}},"line":179},"14":{"name":"(anonymous_14)","decl":{"start":{"line":199,"column":26},"end":{"line":199,"column":27}},"loc":{"start":{"line":199,"column":37},"end":{"line":214,"column":15}},"line":199},"15":{"name":"(anonymous_15)","decl":{"start":{"line":204,"column":29},"end":{"line":204,"column":35}},"loc":{"start":{"line":204,"column":35},"end":{"line":204,"column":null}},"line":204},"16":{"name":"(anonymous_16)","decl":{"start":{"line":241,"column":38},"end":{"line":241,"column":44}},"loc":{"start":{"line":241,"column":44},"end":{"line":241,"column":null}},"line":241}},"branchMap":{"0":{"loc":{"start":{"line":70,"column":4},"end":{"line":74,"column":null}},"type":"if","locations":[{"start":{"line":70,"column":4},"end":{"line":74,"column":null}},{"start":{"line":72,"column":11},"end":{"line":74,"column":null}}],"line":70},"1":{"loc":{"start":{"line":78,"column":4},"end":{"line":78,"column":null}},"type":"if","locations":[{"start":{"line":78,"column":4},"end":{"line":78,"column":null}},{"start":{},"end":{}}],"line":78},"2":{"loc":{"start":{"line":84,"column":23},"end":{"line":86,"column":null}},"type":"cond-expr","locations":[{"start":{"line":85,"column":10},"end":{"line":85,"column":null}},{"start":{"line":86,"column":10},"end":{"line":86,"column":null}}],"line":84},"3":{"loc":{"start":{"line":91,"column":4},"end":{"line":237,"column":null}},"type":"switch","locations":[{"start":{"line":92,"column":6},"end":{"line":105,"column":null}},{"start":{"line":108,"column":6},"end":{"line":134,"column":null}},{"start":{"line":137,"column":6},"end":{"line":162,"column":null}},{"start":{"line":165,"column":6},"end":{"line":188,"column":null}},{"start":{"line":191,"column":6},"end":{"line":216,"column":null}},{"start":{"line":219,"column":6},"end":{"line":232,"column":null}},{"start":{"line":235,"column":6},"end":{"line":236,"column":null}}],"line":91},"4":{"loc":{"start":{"line":123,"column":20},"end":{"line":125,"column":null}},"type":"cond-expr","locations":[{"start":{"line":124,"column":24},"end":{"line":124,"column":null}},{"start":{"line":125,"column":24},"end":{"line":125,"column":null}}],"line":123},"5":{"loc":{"start":{"line":128,"column":51},"end":{"line":128,"column":99}},"type":"cond-expr","locations":[{"start":{"line":128,"column":64},"end":{"line":128,"column":84}},{"start":{"line":128,"column":84},"end":{"line":128,"column":99}}],"line":128},"6":{"loc":{"start":{"line":206,"column":22},"end":{"line":208,"column":null}},"type":"cond-expr","locations":[{"start":{"line":207,"column":26},"end":{"line":207,"column":null}},{"start":{"line":208,"column":26},"end":{"line":208,"column":null}}],"line":206},"7":{"loc":{"start":{"line":278,"column":13},"end":{"line":278,"column":null}},"type":"cond-expr","locations":[{"start":{"line":278,"column":41},"end":{"line":278,"column":57}},{"start":{"line":278,"column":57},"end":{"line":278,"column":null}}],"line":278}},"s":{"0":0,"1":0,"2":0,"3":0,"4":0,"5":0,"6":0,"7":0,"8":0,"9":0,"10":0,"11":0,"12":0,"13":0,"14":0,"15":0,"16":0,"17":0,"18":0,"19":0,"20":0,"21":0,"22":0,"23":0,"24":0,"25":0,"26":0,"27":0,"28":0,"29":0,"30":0,"31":0,"32":0,"33":0,"34":0,"35":0,"36":0,"37":0,"38":0},"f":{"0":0,"1":0,"2":0,"3":0,"4":0,"5":0,"6":0,"7":0,"8":0,"9":0,"10":0,"11":0,"12":0,"13":0,"14":0,"15":0,"16":0},"b":{"0":[0,0],"1":[0,0],"2":[0,0],"3":[0,0,0,0,0,0,0],"4":[0,0],"5":[0,0],"6":[0,0],"7":[0,0]},"meta":{"lastBranch":8,"lastFunction":17,"lastStatement":39,"seen":{"s:12:14:43:Infinity":0,"s:45:21:50:Infinity":1,"s:52:15:56:Infinity":2,"f:58:24:58:40":0,"s:59:22:59:Infinity":3,"s:60:36:65:Infinity":4,"s:67:8:67:Infinity":5,"s:69:21:75:Infinity":6,"f:69:21:69:27":1,"b:70:4:74:Infinity:72:11:74:Infinity":0,"s:70:4:74:Infinity":7,"s:71:6:71:Infinity":8,"s:73:6:73:Infinity":9,"s:77:21:79:Infinity":10,"f:77:21:77:27":2,"b:78:4:78:Infinity:undefined:undefined:undefined:undefined":1,"s:78:4:78:Infinity":11,"s:78:18:78:Infinity":12,"s:81:22:88:Infinity":13,"f:81:22:81:23":3,"s:82:4:87:Infinity":14,"f:82:19:82:28":4,"s:82:28:87:6":15,"b:85:10:85:Infinity:86:10:86:Infinity":2,"f:85:38:85:43":5,"s:85:43:85:54":16,"s:90:28:238:Infinity":17,"f:90:28:90:34":6,"b:92:6:105:Infinity:108:6:134:Infinity:137:6:162:Infinity:165:6:188:Infinity:191:6:216:Infinity:219:6:232:Infinity:235:6:236:Infinity":3,"s:91:4:237:Infinity":18,"s:93:8:105:Infinity":19,"s:109:8:134:Infinity":20,"f:115:30:115:31":7,"s:116:27:116:Infinity":21,"s:117:33:117:Infinity":22,"s:118:14:131:Infinity":23,"f:121:27:121:33":8,"s:121:33:121:Infinity":24,"f:121:48:121:57":9,"s:121:57:121:102":25,"b:124:24:124:Infinity:125:24:125:Infinity":4,"b:128:64:128:84:128:84:128:99":5,"s:138:8:162:Infinity":26,"f:153:29:153:30":10,"s:153:42:153:Infinity":27,"f:153:57:153:66":11,"s:153:66:153:102":28,"s:166:8:188:Infinity":29,"f:179:29:179:30":12,"s:179:42:179:Infinity":30,"f:179:57:179:66":13,"s:179:66:179:101":31,"s:192:8:216:Infinity":32,"f:199:26:199:27":14,"s:200:35:200:Infinity":33,"s:201:16:212:Infinity":34,"f:204:29:204:35":15,"s:204:35:204:Infinity":35,"b:207:26:207:Infinity:208:26:208:Infinity":6,"s:220:8:232:Infinity":36,"s:236:8:236:Infinity":37,"s:240:2:283:Infinity":38,"f:241:38:241:44":16,"b:278:41:278:57:278:57:278:Infinity":7}}}
,"/home/runner/work/ai-passive-income-navigator/ai-passive-income-navigator/src/components/portfolio/PortfolioCard.jsx": {"path":"/home/runner/work/ai-passive-income-navigator/ai-passive-income-navigator/src/components/portfolio/PortfolioCard.jsx","statementMap":{"0":{"start":{"line":26,"column":23},"end":{"line":32,"column":null}},"1":{"start":{"line":44,"column":34},"end":{"line":44,"column":null}},"2":{"start":{"line":46,"column":19},"end":{"line":46,"column":null}},"3":{"start":{"line":48,"column":2},"end":{"line":182,"column":null}},"4":{"start":{"line":82,"column":49},"end":{"line":82,"column":null}},"5":{"start":{"line":86,"column":49},"end":{"line":86,"column":null}},"6":{"start":{"line":90,"column":49},"end":{"line":90,"column":null}},"7":{"start":{"line":96,"column":33},"end":{"line":96,"column":null}},"8":{"start":{"line":112,"column":40},"end":{"line":112,"column":null}},"9":{"start":{"line":119,"column":18},"end":{"line":124,"column":null}},"10":{"start":{"line":152,"column":31},"end":{"line":152,"column":null}},"11":{"start":{"line":174,"column":16},"end":{"line":176,"column":null}}},"fnMap":{"0":{"name":"PortfolioCard","decl":{"start":{"line":34,"column":24},"end":{"line":34,"column":38}},"loc":{"start":{"line":43,"column":3},"end":{"line":184,"column":null}},"line":43},"1":{"name":"(anonymous_1)","decl":{"start":{"line":82,"column":43},"end":{"line":82,"column":49}},"loc":{"start":{"line":82,"column":49},"end":{"line":82,"column":null}},"line":82},"2":{"name":"(anonymous_2)","decl":{"start":{"line":86,"column":43},"end":{"line":86,"column":49}},"loc":{"start":{"line":86,"column":49},"end":{"line":86,"column":null}},"line":86},"3":{"name":"(anonymous_3)","decl":{"start":{"line":90,"column":43},"end":{"line":90,"column":49}},"loc":{"start":{"line":90,"column":49},"end":{"line":90,"column":null}},"line":90},"4":{"name":"(anonymous_4)","decl":{"start":{"line":96,"column":27},"end":{"line":96,"column":33}},"loc":{"start":{"line":96,"column":33},"end":{"line":96,"column":null}},"line":96},"5":{"name":"(anonymous_5)","decl":{"start":{"line":112,"column":29},"end":{"line":112,"column":30}},"loc":{"start":{"line":112,"column":40},"end":{"line":112,"column":null}},"line":112},"6":{"name":"(anonymous_6)","decl":{"start":{"line":118,"column":36},"end":{"line":118,"column":37}},"loc":{"start":{"line":119,"column":18},"end":{"line":124,"column":null}},"line":119},"7":{"name":"(anonymous_7)","decl":{"start":{"line":152,"column":25},"end":{"line":152,"column":31}},"loc":{"start":{"line":152,"column":31},"end":{"line":152,"column":null}},"line":152},"8":{"name":"(anonymous_8)","decl":{"start":{"line":173,"column":42},"end":{"line":173,"column":43}},"loc":{"start":{"line":174,"column":16},"end":{"line":176,"column":null}},"line":174}},"branchMap":{"0":{"loc":{"start":{"line":42,"column":2},"end":{"line":42,"column":null}},"type":"default-arg","locations":[{"start":{"line":42,"column":10},"end":{"line":42,"column":null}}],"line":42},"1":{"loc":{"start":{"line":46,"column":19},"end":{"line":46,"column":null}},"type":"binary-expr","locations":[{"start":{"line":46,"column":19},"end":{"line":46,"column":33}},{"start":{"line":46,"column":33},"end":{"line":46,"column":null}}],"line":46},"2":{"loc":{"start":{"line":69,"column":53},"end":{"line":69,"column":78}},"type":"binary-expr","locations":[{"start":{"line":69,"column":53},"end":{"line":69,"column":70}},{"start":{"line":69,"column":70},"end":{"line":69,"column":78}}],"line":69},"3":{"loc":{"start":{"line":70,"column":19},"end":{"line":70,"column":null}},"type":"binary-expr","locations":[{"start":{"line":70,"column":19},"end":{"line":70,"column":36}},{"start":{"line":70,"column":36},"end":{"line":70,"column":null}}],"line":70},"4":{"loc":{"start":{"line":128,"column":10},"end":{"line":145,"column":null}},"type":"binary-expr","locations":[{"start":{"line":131,"column":12},"end":{"line":131,"column":37}},{"start":{"line":131,"column":37},"end":{"line":131,"column":null}},{"start":{"line":132,"column":12},"end":{"line":145,"column":null}}],"line":128},"5":{"loc":{"start":{"line":133,"column":15},"end":{"line":137,"column":null}},"type":"binary-expr","locations":[{"start":{"line":133,"column":15},"end":{"line":133,"column":null}},{"start":{"line":134,"column":16},"end":{"line":137,"column":null}}],"line":133},"6":{"loc":{"start":{"line":139,"column":15},"end":{"line":143,"column":null}},"type":"binary-expr","locations":[{"start":{"line":139,"column":15},"end":{"line":139,"column":null}},{"start":{"line":140,"column":16},"end":{"line":143,"column":null}}],"line":139},"7":{"loc":{"start":{"line":149,"column":11},"end":{"line":167,"column":null}},"type":"binary-expr","locations":[{"start":{"line":149,"column":11},"end":{"line":149,"column":null}},{"start":{"line":150,"column":12},"end":{"line":167,"column":null}}],"line":149},"8":{"loc":{"start":{"line":155,"column":72},"end":{"line":155,"column":102}},"type":"cond-expr","locations":[{"start":{"line":155,"column":85},"end":{"line":155,"column":100}},{"start":{"line":155,"column":100},"end":{"line":155,"column":102}}],"line":155},"9":{"loc":{"start":{"line":158,"column":15},"end":{"line":165,"column":null}},"type":"binary-expr","locations":[{"start":{"line":158,"column":15},"end":{"line":158,"column":null}},{"start":{"line":159,"column":16},"end":{"line":165,"column":null}}],"line":158},"10":{"loc":{"start":{"line":171,"column":11},"end":{"line":178,"column":null}},"type":"binary-expr","locations":[{"start":{"line":171,"column":11},"end":{"line":171,"column":25}},{"start":{"line":171,"column":25},"end":{"line":171,"column":null}},{"start":{"line":172,"column":12},"end":{"line":178,"column":null}}],"line":171}},"s":{"0":1,"1":34,"2":34,"3":34,"4":0,"5":0,"6":0,"7":0,"8":0,"9":165,"10":0,"11":0},"f":{"0":34,"1":0,"2":0,"3":0,"4":0,"5":0,"6":165,"7":0,"8":0},"b":{"0":[34],"1":[34,33],"2":[34,0],"3":[34,0],"4":[34,33,0],"5":[0,0],"6":[0,0],"7":[34,0],"8":[0,0],"9":[0,0],"10":[34,0,0]},"meta":{"lastBranch":11,"lastFunction":9,"lastStatement":12,"seen":{"s:26:23:32:Infinity":0,"f:34:24:34:38":0,"b:42:10:42:Infinity":0,"s:44:34:44:Infinity":1,"s:46:19:46:Infinity":2,"b:46:19:46:33:46:33:46:Infinity":1,"s:48:2:182:Infinity":3,"b:69:53:69:70:69:70:69:78":2,"b:70:19:70:36:70:36:70:Infinity":3,"f:82:43:82:49":1,"s:82:49:82:Infinity":4,"f:86:43:86:49":2,"s:86:49:86:Infinity":5,"f:90:43:90:49":3,"s:90:49:90:Infinity":6,"f:96:27:96:33":4,"s:96:33:96:Infinity":7,"f:112:29:112:30":5,"s:112:40:112:Infinity":8,"f:118:36:118:37":6,"s:119:18:124:Infinity":9,"b:131:12:131:37:131:37:131:Infinity:132:12:145:Infinity":4,"b:133:15:133:Infinity:134:16:137:Infinity":5,"b:139:15:139:Infinity:140:16:143:Infinity":6,"b:149:11:149:Infinity:150:12:167:Infinity":7,"f:152:25:152:31":7,"s:152:31:152:Infinity":10,"b:155:85:155:100:155:100:155:102":8,"b:158:15:158:Infinity:159:16:165:Infinity":9,"b:171:11:171:25:171:25:171:Infinity:172:12:178:Infinity":10,"f:173:42:173:43":8,"s:174:16:176:Infinity":11}}}
[...]
5},"3":{"loc":{"start":{"line":76,"column":25},"end":{"line":76,"column":null}},"type":"binary-expr","locations":[{"start":{"line":76,"column":25},"end":{"line":76,"column":56}},{"start":{"line":76,"column":56},"end":{"line":76,"column":null}}],"line":76},"4":{"loc":{"start":{"line":77,"column":31},"end":{"line":77,"column":null}},"type":"binary-expr","locations":[{"start":{"line":77,"column":31},"end":{"line":77,"column":68}},{"start":{"line":77,"column":68},"end":{"line":77,"column":null}}],"line":77},"5":{"loc":{"start":{"line":78,"column":28},"end":{"line":78,"column":null}},"type":"binary-expr","locations":[{"start":{"line":78,"column":28},"end":{"line":78,"column":62}},{"start":{"line":78,"column":62},"end":{"line":78,"column":null}}],"line":78},"6":{"loc":{"start":{"line":79,"column":29},"end":{"line":79,"column":null}},"type":"binary-expr","locations":[{"start":{"line":79,"column":29},"end":{"line":79,"column":64}},{"start":{"line":79,"column":64},"end":{"line":79,"column":null}}],"line":79},"7":{"loc":{"start":{"line":80,"column":25},"end":{"line":80,"column":null}},"type":"binary-expr","locations":[{"start":{"line":80,"column":25},"end":{"line":80,"column":56}},{"start":{"line":80,"column":56},"end":{"line":80,"column":null}}],"line":80},"8":{"loc":{"start":{"line":81,"column":40},"end":{"line":81,"column":null}},"type":"binary-expr","locations":[{"start":{"line":81,"column":40},"end":{"line":81,"column":86}},{"start":{"line":81,"column":86},"end":{"line":81,"column":null}}],"line":81},"9":{"loc":{"start":{"line":82,"column":25},"end":{"line":82,"column":null}},"type":"binary-expr","locations":[{"start":{"line":82,"column":25},"end":{"line":82,"column":56}},{"start":{"line":82,"column":56},"end":{"line":82,"column":null}}],"line":82},"10":{"loc":{"start":{"line":83,"column":29},"end":{"line":83,"column":null}},"type":"binary-expr","locations":[{"start":{"line":83,"column":29},"end":{"line":83,"column":64}},{"start":{"line":83,"column":64},"end":{"line":83,"column":null}}],"line":83},"11":{"loc":{"start":{"line":84,"column":29},"end":{"line":84,"column":null}},"type":"binary-expr","locations":[{"start":{"line":84,"column":29},"end":{"line":84,"column":64}},{"start":{"line":84,"column":64},"end":{"line":84,"column":null}}],"line":84},"12":{"loc":{"start":{"line":91,"column":6},"end":{"line":101,"column":null}},"type":"if","locations":[{"start":{"line":91,"column":6},"end":{"line":101,"column":null}},{"start":{"line":96,"column":13},"end":{"line":101,"column":null}}],"line":91},"13":{"loc":{"start":{"line":114,"column":23},"end":{"line":116,"column":null}},"type":"cond-expr","locations":[{"start":{"line":115,"column":10},"end":{"line":115,"column":null}},{"start":{"line":116,"column":10},"end":{"line":116,"column":null}}],"line":114},"14":{"loc":{"start":{"line":123,"column":27},"end":{"line":125,"column":null}},"type":"cond-expr","locations":[{"start":{"line":124,"column":10},"end":{"line":124,"column":null}},{"start":{"line":125,"column":10},"end":{"line":125,"column":null}}],"line":123},"15":{"loc":{"start":{"line":133,"column":2},"end":{"line":133,"column":null}},"type":"if","locations":[{"start":{"line":133,"column":2},"end":{"line":133,"column":null}},{"start":{},"end":{}}],"line":133},"16":{"loc":{"start":{"line":160,"column":21},"end":{"line":160,"column":null}},"type":"binary-expr","locations":[{"start":{"line":160,"column":21},"end":{"line":160,"column":60}},{"start":{"line":160,"column":60},"end":{"line":160,"column":null}}],"line":160},"17":{"loc":{"start":{"line":163,"column":73},"end":{"line":163,"column":99}},"type":"binary-expr","locations":[{"start":{"line":163,"column":73},"end":{"line":163,"column":92}},{"start":{"line":163,"column":92},"end":{"line":163,"column":99}}],"line":163},"18":{"loc":{"start":{"line":340,"column":26},"end":{"line":342,"column":null}},"type":"cond-expr","locations":[{"start":{"line":341,"column":30},"end":{"line":341,"column":null}},{"start":{"line":342,"column":30},"end":{"line":342,"column":null}}],"line":340},"19":{"loc":{"start":{"line":373,"column":26},"end":{"line":375,"column":null}},"type":"cond-expr","locations":[{"start":{"line":374,"column":30},"end":{"line":374,"column":null}},{"start":{"line":375,"column":30},"end":{"line":375,"column":null}}],"line":373},"20":{"loc":{"start":{"line":399,"column":15},"end":{"line":404,"column":null}},"type":"cond-expr","locations":[{"start":{"line":400,"column":16},"end":{"line":400,"column":null}},{"start":{"line":401,"column":18},"end":{"line":404,"column":null}}],"line":399},"21":{"loc":{"start":{"line":401,"column":18},"end":{"line":404,"column":null}},"type":"cond-expr","locations":[{"start":{"line":402,"column":16},"end":{"line":402,"column":null}},{"start":{"line":404,"column":16},"end":{"line":404,"column":null}}],"line":401},"22":{"loc":{"start":{"line":406,"column":15},"end":{"line":406,"column":null}},"type":"cond-expr","locations":[{"start":{"line":406,"column":23},"end":{"line":406,"column":34}},{"start":{"line":406,"column":34},"end":{"line":406,"column":null}}],"line":406}},"s":{"0":0,"1":0,"2":0,"3":0,"4":0,"5":0,"6":0,"7":0,"8":0,"9":0,"10":0,"11":0,"12":0,"13":0,"14":0,"15":0,"16":0,"17":0,"18":0,"19":0,"20":0,"21":0,"22":0,"23":0,"24":0,"25":0,"26":0,"27":0,"28":0,"29":0,"30":0,"31":0,"32":0,"33":0,"34":0,"35":0,"36":0,"37":0,"38":0,"39":0,"40":0,"41":0,"42":0,"43":0,"44":0,"45":0,"46":0,"47":0,"48":0,"49":0,"50":0,"51":0,"52":0,"53":0},"f":{"0":0,"1":0,"2":0,"3":0,"4":0,"5":0,"6":0,"7":0,"8":0,"9":0,"10":0,"11":0,"12":0,"13":0,"14":0,"15":0,"16":0,"17":0,"18":0,"19":0,"20":0,"21":0,"22":0,"23":0,"24":0,"25":0,"26":0},"b":{"0":[0,0],"1":[0,0],"2":[0,0],"3":[0,0],"4":[0,0],"5":[0,0],"6":[0,0],"7":[0,0],"8":[0,0],"9":[0,0],"10":[0,0],"11":[0,0],"12":[0,0],"13":[0,0],"14":[0,0],"15":[0,0],"16":[0,0],"17":[0,0],"18":[0,0],"19":[0,0],"20":[0,0],"21":[0,0],"22":[0,0]},"meta":{"lastBranch":23,"lastFunction":27,"lastStatement":54,"seen":{"s:25:15:29:Infinity":0,"s:31:19:35:Infinity":1,"f:37:24:37:42":0,"s:38:8:38:Infinity":2,"s:39:22:39:Infinity":3,"s:40:30:40:Infinity":4,"s:41:24:41:Infinity":5,"s:43:2:49:Infinity":6,"f:43:12:43:18":1,"s:44:22:47:Infinity":7,"f:44:22:44:34":2,"s:45:26:45:Infinity":8,"s:46:6:46:Infinity":9,"s:48:4:48:Infinity":10,"s:51:39:57:Infinity":11,"f:53:13:53:25":3,"s:54:20:54:Infinity":12,"s:55:6:55:Infinity":13,"b:55:13:55:25:55:25:55:Infinity":0,"s:59:30:70:Infinity":14,"s:72:2:87:Infinity":15,"f:72:12:72:18":4,"b:73:4:86:Infinity:undefined:undefined:undefined:undefined":1,"s:73:4:86:Infinity":16,"s:74:6:85:Infinity":17,"b:75:24:75:54:75:54:75:Infinity":2,"b:76:25:76:56:76:56:76:Infinity":3,"b:77:31:77:68:77:68:77:Infinity":4,"b:78:28:78:62:78:62:78:Infinity":5,"b:79:29:79:64:79:64:79:Infinity":6,"b:80:25:80:56:80:56:80:Infinity":7,"b:81:40:81:86:81:86:81:Infinity":8,"b:82:25:82:56:82:56:82:Infinity":9,"b:83:29:83:64:83:64:83:Infinity":10,"b:84:29:84:64:84:64:84:Infinity":11,"s:89:8:109:Infinity":18,"f:90:16:90:28":5,"b:91:6:101:Infinity:96:13:101:Infinity":12,"s:91:6:101:Infinity":19,"s:92:8:95:Infinity":20,"s:97:8:100:Infinity":21,"f:103:15:103:21":6,"s:104:6:104:Infinity":22,"s:105:6:105:Infinity":23,"s:106:6:106:Infinity":24,"s:107:6:107:Infinity":25,"f:107:17:107:23":7,"s:107:23:107:40":26,"s:111:22:118:Infinity":27,"f:111:22:111:23":8,"s:112:4:117:Infinity":28,"f:112:16:112:25":9,"s:112:25:117:6":29,"b:115:10:115:Infinity:116:10:116:Infinity":13,"f:115:38:115:43":10,"s:115:43:115:54":30,"s:120:30:127:Infinity":31,"f:120:30:120:31":11,"s:121:4:126:Infinity":32,"f:121:16:121:25":12,"s:121:25:126:6":33,"b:124:10:124:Infinity:125:10:125:Infinity":14,"f:124:42:124:47":13,"s:124:47:124:61":34,"s:129:23:131:Infinity":35,"f:129:23:129:29":14,"s:130:4:130:Infinity":36,"b:133:2:133:Infinity:undefined:undefined:undefined:undefined":15,"s:133:2:133:Infinity":37,"s:133:17:133:Infinity":38,"s:135:2:419:Infinity":39,"b:160:21:160:60:160:60:160:Infinity":16,"b:163:73:163:92:163:92:163:99":17,"f:190:37:190:38":15,"s:190:48:190:Infinity":40,"f:207:37:207:38":16,"s:207:48:207:Infinity":41,"f:232:35:232:36":17,"s:232:48:232:Infinity":42,"f:265:35:265:36":18,"s:265:48:265:Infinity":43,"f:280:35:280:36":19,"s:280:48:280:Infinity":44,"f:295:35:295:36":20,"s:295:48:295:Infinity":45,"f:305:35:305:36":21,"s:305:46:305:Infinity":46,"f:333:30:333:31":22,"s:334:39:334:Infinity":47,"s:335:20:346:Infinity":48,"f:338:33:338:39":23,"s:338:39:338:Infinity":49,"b:341:30:341:Infinity:342:30:342:Infinity":18,"f:366:34:366:35":24,"s:367:39:367:Infinity":50,"s:368:20:379:Infinity":51,"f:371:33:371:39":25,"s:371:39:371:Infinity":52,"b:374:30:374:Infinity:375:30:375:Infinity":19,"f:395:23:395:29":26,"s:395:29:395:Infinity":53,"b:400:16:400:Infinity:401:18:404:Infinity":20,"b:402:16:402:Infinity:404:16:404:Infinity":21,"b:406:23:406:34:406:34:406:Infinity":22}}}
,"/home/runner/work/ai-passive-income-navigator/ai-passive-income-navigator/src/pages/Trends.jsx": {"path":"/home/runner/work/ai-passive-income-navigator/ai-passive-income-navigator/src/pages/Trends.jsx","statementMap":{"0":{"start":{"line":16,"column":25},"end":{"line":21,"column":null}},"1":{"start":{"line":24,"column":8},"end":{"line":24,"column":null}},"2":{"start":{"line":25,"column":32},"end":{"line":25,"column":null}},"3":{"start":{"line":26,"column":26},"end":{"line":26,"column":null}},"4":{"start":{"line":27,"column":38},"end":{"line":27,"column":null}},"5":{"start":{"line":28,"column":36},"end":{"line":28,"column":null}},"6":{"start":{"line":30,"column":36},"end":{"line":33,"column":null}},"7":{"start":{"line":32,"column":19},"end":{"line":32,"column":null}},"8":{"start":{"line":35,"column":8},"end":{"line":55,"column":null}},"9":{"start":{"line":37,"column":6},"end":{"line":52,"column":null}},"10":{"start":{"line":54,"column":21},"end":{"line":54,"column":null}},"11":{"start":{"line":57,"column":8},"end":{"line":65,"column":null}},"12":{"start":{"line":59,"column":23},"end":{"line":59,"column":null}},"13":{"start":{"line":59,"column":48},"end":{"line":59,"column":75}},"14":{"start":{"line":60,"column":6},"end":{"line":62,"column":null}},"15":{"start":{"line":61,"column":8},"end":{"line":61,"column":null}},"16":{"start":{"line":64,"column":21},"end":{"line":64,"column":null}},"17":{"start":{"line":67,"column":25},"end":{"line":114,"column":null}},"18":{"start":{"line":68,"column":4},"end":{"line":68,"column":null}},"19":{"start":{"line":70,"column":20},"end":{"line":75,"column":null}},"20":{"start":{"line":77,"column":20},"end":{"line":77,"column":null}},"21":{"start":{"line":79,"column":4},"end":{"line":109,"column":null}},"22":{"start":{"line":80,"column":23},"end":{"line":102,"column":null}},"23":{"start":{"line":104,"column":6},"end":{"line":108,"column":null}},"24":{"start":{"line":104,"column":63},"end":{"line":108,"column":8}},"25":{"start":{"line":111,"column":4},"end":{"line":111,"column":null}},"26":{"start":{"line":112,"column":4},"end":{"line":112,"column":null}},"27":{"start":{"line":113,"column":4},"end":{"line":113,"column":null}},"28":{"start":{"line":116,"column":2},"end":{"line":120,"column":null}},"29":{"start":{"line":117,"column":4},"end":{"line":119,"column":null}},"30":{"start":{"line":118,"column":6},"end":{"line":118,"column":null}},"31":{"start":{"line":122,"column":24},"end":{"line":122,"column":null}},"32":{"start":{"line":123,"column":21},"end":{"line":123,"column":null}},"33":{"start":{"line":123,"column":32},"end":{"line":123,"column":null}},"34":{"start":{"line":123,"column":57},"end":{"line":123,"column":84}},"35":{"start":{"line":125,"column":2},"end":{"line":222,"column":null}},"36":{"start":{"line":174,"column":27},"end":{"line":174,"column":null}},"37":{"start":{"line":175,"column":14},"end":{"line":183,"column":null}},"38":{"start":{"line":203,"column":14},"end":{"line":210,"column":null}},"39":{"start":{"line":208,"column":32},"end":{"line":208,"column":null}},"40":{"start":{"line":209,"column":34},"end":{"line":209,"column":null}}},"fnMap":{"0":{"name":"Trends","decl":{"start":{"line":23,"column":24},"end":{"line":23,"column":33}},"loc":{"start":{"line":23,"column":33},"end":{"line":224,"column":null}},"line":23},"1":{"name":"(anonymous_1)","decl":{"start":{"line":32,"column":13},"end":{"line":32,"column":19}},"loc":{"start":{"line":32,"column":19},"end":{"line":32,"column":null}},"line":32},"2":{"name":"(anonymous_2)","decl":{"start":{"line":36,"column":16},"end":{"line":36,"column":23}},"loc":{"start":{"line":36,"column":33},"end":{"line":53,"column":null}},"line":36},"3":{"name":"(anonymous_3)","decl":{"start":{"line":54,"column":15},"end":{"line":54,"column":21}},"loc":{"start":{"line":54,"column":21},"end":{"line":54,"column":null}},"line":54},"4":{"name":"(anonymous_4)","decl":{"start":{"line":58,"column":16},"end":{"line":58,"column":23}},"loc":{"start":{"line":58,"column":33},"end":{"line":63,"column":null}},"line":58},"5":{"name":"(anonymous_5)","decl":{"start":{"line":59,"column":43},"end":{"line":59,"column":48}},"loc":{"start":{"line":59,"column":48},"end":{"line":59,"column":75}},"line":59},"6":{"name":"(anonymous_6)","decl":{"start":{"line":64,"column":15},"end":{"line":64,"column":21}},"loc":{"start":{"line":64,"column":21},"end":{"line":64,"column":null}},"line":64},"7":{"name":"(anonymous_7)","decl":{"start":{"line":67,"column":25},"end":{"line":67,"column":37}},"loc":{"start":{"line":67,"column":37},"end":{"line":114,"column":null}},"line":67},"8":{"name":"(anonymous_8)","decl":{"start":{"line":104,"column":57},"end":{"line":104,"column":63}},"loc":{"start":{"line":104,"column":63},"end":{"line":108,"column":8}},"line":104},"9":{"name":"(anonymous_9)","decl":{"start":{"line":116,"column":12},"end":{"line":116,"column":18}},"loc":{"start":{"line":116,"column":18},"end":{"line":120,"column":5}},"line":116},"10":{"name":"(anonymous_10)","decl":{"start":{"line":123,"column":21},"end":{"line":123,"column":22}},"loc":{"start":{"line":123,"column":32},"end":{"line":123,"column":null}},"line":123},"11":{"name":"(anonymous_11)","decl":{"start":{"line":123,"column":52},"end":{"line":123,"column":57}},"loc":{"start":{"line":123,"column":57},"end":{"line":123,"column":84}},"line":123},"12":{"name":"(anonymous_12)","decl":{"start":{"line":173,"column":34},"end":{"line":173,"column":35}},"loc":{"start":{"line":173,"column":43},"end":{"line":185,"column":13}},"line":173},"13":{"name":"(anonymous_13)","decl":{"start":{"line":202,"column":31},"end":{"line":202,"column":32}},"loc":{"start":{"line":203,"column":14},"end":{"line":210,"column":null}},"line":203},"14":{"name":"(anonymous_14)","decl":{"start":{"line":208,"column":26},"end":{"line":208,"column":32}},"loc":{"start":{"line":208,"column":32},"end":{"line":208,"column":null}},"line":208},"15":{"name":"(anonymous_15)","decl":{"start":{"line":209,"column":28},"end":{"line":209,"column":34}},"loc":{"start":{"line":209,"column":34},"end":{"line":209,"column":null}},"line":209}},"branchMap":{"0":{"loc":{"start":{"line":30,"column":16},"end":{"line":30,"column":36}},"type":"default-arg","locations":[{"start":{"line":30,"column":33},"end":{"line":30,"column":36}}],"line":30},"1":{"loc":{"start":{"line":60,"column":6},"end":{"line":62,"column":null}},"type":"if","locations":[{"start":{"line":60,"column":6},"end":{"line":62,"column":null}},{"start":{},"end":{}}],"line":60},"2":{"loc":{"start":{"line":104,"column":30},"end":{"line":104,"column":53}},"type":"binary-expr","locations":[{"start":{"line":104,"column":30},"end":{"line":104,"column":49}},{"start":{"line":104,"column":49},"end":{"line":104,"column":53}}],"line":104},"3":{"loc":{"start":{"line":107,"column":26},"end":{"line":107,"column":null}},"type":"cond-expr","locations":[{"start":{"line":107,"column":57},"end":{"line":107,"column":66}},{"start":{"line":107,"column":66},"end":{"line":107,"column":null}}],"line":107},"4":{"loc":{"start":{"line":117,"column":4},"end":{"line":119,"column":null}},"type":"if","locations":[{"start":{"line":117,"column":4},"end":{"line":119,"column":null}},{"start":{},"end":{}}],"line":117},"5":{"loc":{"start":{"line":122,"column":24},"end":{"line":122,"column":null}},"type":"binary-expr","locations":[{"start":{"line":122,"column":24},"end":{"line":122,"column":45}},{"start":{"line":122,"column":45},"end":{"line":122,"column":null}}],"line":122},"6":{"loc":{"start":{"line":139,"column":15},"end":{"line":142,"column":null}},"type":"cond-expr","locations":[{"start":{"line":140,"column":16},"end":{"line":140,"column":null}},{"start":{"line":142,"column":16},"end":{"line":142,"column":null}}],"line":139},"7":{"loc":{"start":{"line":150,"column":9},"end":{"line":167,"column":null}},"type":"binary-expr","locations":[{"start":{"line":150,"column":9},"end":{"line":150,"column":null}},{"start":{"line":151,"column":10},"end":{"line":167,"column":null}}],"line":150},"8":{"loc":{"start":{"line":190,"column":9},"end":{"line":212,"column":null}},"type":"cond-expr","locations":[{"start":{"line":191,"column":10},"end":{"line":195,"column":null}},{"start":{"line":196,"column":12},"end":{"line":212,"column":null}}],"line":190},"9":{"loc":{"start":{"line":196,"column":12},"end":{"line":212,"column":null}},"type":"cond-expr","locations":[{"start":{"line":197,"column":10},"end":{"line":199,"column":null}},{"start":{"line":201,"column":10},"end":{"line":212,"column":null}}],"line":196},"10":{"loc":{"start":{"line":216,"column":9},"end":{"line":219,"column":null}},"type":"binary-expr","locations":[{"start":{"line":216,"column":9},"end":{"line":216,"column":null}},{"start":{"line":217,"column":10},"end":{"line":219,"column":null}}],"line":216}},"s":{"0":0,"1":0,"2":0,"3":0,"4":0,"5":0,"6":0,"7":0,"8":0,"9":0,"10":0,"11":0,"12":0,"13":0,"14":0,"15":0,"16":0,"17":0,"18":0,"19":0,"20":0,"21":0,"22":0,"23":0,"24":0,"25":0,"26":0,"27":0,"28":0,"29":0,"30":0,"31":0,"32":0,"33":0,"34":0,"35":0,"36":0,"37":0,"38":0,"39":0,"40":0},"f":{"0":0,"1":0,"2":0,"3":0,"4":0,"5":0,"6":0,"7":0,"8":0,"9":0,"10":0,"11":0,"12":0,"13":0,"14":0,"15":0},"b":{"0":[0],"1":[0,0],"2":[0,0],"3":[0,0],"4":[0,0],"5":[0,0],"6":[0,0],"7":[0,0],"8":[0,0],"9":[0,0],"10":[0,0]},"meta":{"lastBranch":11,"lastFunction":16,"lastStatement":41,"seen":{"s:16:25:21:Infinity":0,"f:23:24:23:33":0,"s:24:8:24:Infinity":1,"s:25:32:25:Infinity":2,"s:26:26:26:Infinity":3,"s:27:38:27:Infinity":4,"s:28:36:28:Infinity":5,"s:30:36:33:Infinity":6,"b:30:33:30:36":0,"f:32:13:32:19":1,"s:32:19:32:Infinity":7,"s:35:8:55:Infinity":8,"f:36:16:36:23":2,"s:37:6:52:Infinity":9,"f:54:15:54:21":3,"s:54:21:54:Infinity":10,"s:57:8:65:Infinity":11,"f:58:16:58:23":4,"s:59:23:59:Infinity":12,"f:59:43:59:48":5,"s:59:48:59:75":13,"b:60:6:62:Infinity:undefined:undefined:undefined:undefined":1,"s:60:6:62:Infinity":14,"s:61:8:61:Infinity":15,"f:64:15:64:21":6,"s:64:21:64:Infinity":16,"s:67:25:114:Infinity":17,"f:67:25:67:37":7,"s:68:4:68:Infinity":18,"s:70:20:75:Infinity":19,"s:77:20:77:Infinity":20,"s:79:4:109:Infinity":21,"s:80:23:102:Infinity":22,"s:104:6:108:Infinity":23,"b:104:30:104:49:104:49:104:53":2,"f:104:57:104:63":8,"s:104:63:108:8":24,"b:107:57:107:66:107:66:107:Infinity":3,"s:111:4:111:Infinity":25,"s:112:4:112:Infinity":26,"s:113:4:113:Infinity":27,"s:116:2:120:Infinity":28,"f:116:12:116:18":9,"b:117:4:119:Infinity:undefined:undefined:undefined:undefined":4,"s:117:4:119:Infinity":29,"s:118:6:118:Infinity":30,"s:122:24:122:Infinity":31,"b:122:24:122:45:122:45:122:Infinity":5,"s:123:21:123:Infinity":32,"f:123:21:123:22":10,"s:123:32:123:Infinity":33,"f:123:52:123:57":11,"s:123:57:123:84":34,"s:125:2:222:Infinity":35,"b:140:16:140:Infinity:142:16:142:Infinity":6,"b:150:9:150:Infinity:151:10:167:Infinity":7,"f:173:34:173:35":12,"s:174:27:174:Infinity":36,"s:175:14:183:Infinity":37,"b:191:10:195:Infinity:196:12:212:Infinity":8,"b:197:10:199:Infinity:201:10:212:Infinity":9,"f:202:31:202:32":13,"s:203:14:210:Infinity":38,"f:208:26:208:32":14,"s:208:32:208:Infinity":39,"f:209:28:209:34":15,"s:209:34:209:Infinity":40,"b:216:9:216:Infinity:217:10:219:Infinity":10}}}
}
